Running dfx start for version 0.14.3
Using the default definition for the 'local' shared network because /home/zwolin/.config/dfx/networks.json does not exist.
Initialized replica.
Dashboard: http://localhost:38065/_/dashboard
Deploying all canisters.
Creating a wallet canister on the local network.
The wallet canister on the "local" network for user "zwolin2" is "bnz7o-iuaaa-aaaaa-qaaaa-cai"
Creating canisters...
Creating canister ethereum_canister...
ethereum_canister canister created with canister id: bkyz2-fmaaa-aaaaa-qaaaq-cai
Building canisters...
Checking for vulnerabilities in rust canisters.
[0m[0m[1m[32m    Fetching[0m advisory database from `https://github.com/RustSec/advisory-db.git`
[0m[0m[1m[32m      Loaded[0m 557 security advisories (from /home/zwolin/.cargo/advisory-db)
[0m[0m[1m[32m    Updating[0m crates.io index
[0m[0m[1m[32m    Scanning[0m Cargo.lock for vulnerabilities (440 crate dependencies)
Audit found no vulnerabilities.
Executing: cargo build --target wasm32-unknown-unknown --release -p ethereum_canister --locked
warning: method `start_advance_thread` is never used
   --> /data/eiger/icp/helios/client/src/client.rs:362:8
    |
247 | impl<DB: Database> Client<DB> {
    | ----------------------------- method in this implementation
...
362 |     fn start_advance_thread(&self) {
    |        ^^^^^^^^^^^^^^^^^^^^
    |
    = note: `#[warn(dead_code)]` on by default

warning: `client` (lib) generated 1 warning
    Finished release [optimized] target(s) in 0.33s
Installing canisters...
Creating UI canister on the local network.
The UI canister on the "local" network is "bd3sg-teaaa-aaaaa-qaaba-cai"
Installing code for canister ethereum_canister, with canister ID bkyz2-fmaaa-aaaaa-qaaaq-cai
Deployed canisters.
URLs:
  Backend canister via Candid interface:
    ethereum_canister: http://127.0.0.1:4943/?canisterId=bd3sg-teaaa-aaaaa-qaaba-cai&id=bkyz2-fmaaa-aaaaa-qaaaq-cai
2023-08-16 12:52:58.460071517 UTC: [Canister bkyz2-fmaaa-aaaaa-qaaaq-cai] [ERROR common::http::icp] GET https://www.lightclientdata.org/eth/v1/beacon/headers/finalized
2023-08-16 12:53:00.526342338 UTC: [Canister bkyz2-fmaaa-aaaaa-qaaaq-cai] [ERROR common::http::icp] GET https://beacon-nd-995-871-887.p2pify.com:443/c9dce41bab3e120f541e4ffb748efa60/eth/v1/beacon/headers/finalized
2023-08-16 12:53:02.962545277 UTC: [Canister bkyz2-fmaaa-aaaaa-qaaaq-cai] [ERROR common::http::icp] resp size: 653b
2023-08-16 12:53:02.962545277 UTC: [Canister bkyz2-fmaaa-aaaaa-qaaaq-cai] [ERROR common::http::icp] POST https://ethereum.publicnode.com
2023-08-16 12:53:02.962545277 UTC: [Canister bkyz2-fmaaa-aaaaa-qaaaq-cai] [ERROR common::http::icp] request size: 61
2023-08-16 12:53:04.474352285 UTC: [Canister bkyz2-fmaaa-aaaaa-qaaaq-cai] [ERROR common::http::icp] resp size: 40b
2023-08-16 12:53:04.474352285 UTC: [Canister bkyz2-fmaaa-aaaaa-qaaaq-cai] [ERROR common::http::icp] GET https://www.lightclientdata.org/eth/v1/config/spec
2023-08-16 12:53:05.971773898 UTC: [Canister bkyz2-fmaaa-aaaaa-qaaaq-cai] [ERROR common::http::icp] GET https://beacon-nd-995-871-887.p2pify.com:443/c9dce41bab3e120f541e4ffb748efa60/eth/v1/config/spec
2023-08-16 12:53:07.750398126 UTC: [Canister bkyz2-fmaaa-aaaaa-qaaaq-cai] [ERROR common::http::icp] resp size: 3874b
2023-08-16 12:53:07.750398126 UTC: [Canister bkyz2-fmaaa-aaaaa-qaaaq-cai] [ERROR common::http::icp] GET https://www.lightclientdata.org/eth/v1/beacon/light_client/bootstrap/0x4d23ac09bca8c897b35a4dc7aaecda339a48f7e7de9ccac0fbe7da6480335e48
2023-08-16 12:53:09.527586245 UTC: [Canister bkyz2-fmaaa-aaaaa-qaaaq-cai] [ERROR common::http::icp] GET https://beacon-nd-995-871-887.p2pify.com:443/c9dce41bab3e120f541e4ffb748efa60/eth/v1/beacon/light_client/bootstrap/0x4d23ac09bca8c897b35a4dc7aaecda339a48f7e7de9ccac0fbe7da6480335e48
2023-08-16 12:53:11.312149545 UTC: [Canister bkyz2-fmaaa-aaaaa-qaaaq-cai] [ERROR common::http::icp] resp size: 54262b
2023-08-16 12:53:11.312149545 UTC: [Canister bkyz2-fmaaa-aaaaa-qaaaq-cai] [ERROR common::http::icp] GET https://www.lightclientdata.org/eth/v1/beacon/light_client/updates?start_period=868&count=128
2023-08-16 12:53:12.793263049 UTC: [Canister bkyz2-fmaaa-aaaaa-qaaaq-cai] [ERROR common::http::icp] GET https://beacon-nd-995-871-887.p2pify.com:443/c9dce41bab3e120f541e4ffb748efa60/eth/v1/beacon/light_client/updates?start_period=868&count=128
2023-08-16 12:53:15.017585165 UTC: [Canister bkyz2-fmaaa-aaaaa-qaaaq-cai] [ERROR common::http::icp] resp size: 57122b
2023-08-16 12:53:15.017585165 UTC: [Canister bkyz2-fmaaa-aaaaa-qaaaq-cai] [ERROR common::http::icp] GET https://www.lightclientdata.org/eth/v1/beacon/light_client/finality_update
2023-08-16 12:53:17.103774086 UTC: [Canister bkyz2-fmaaa-aaaaa-qaaaq-cai] [ERROR common::http::icp] GET https://beacon-nd-995-871-887.p2pify.com:443/c9dce41bab3e120f541e4ffb748efa60/eth/v1/beacon/light_client/finality_update
2023-08-16 12:53:18.602845511 UTC: [Canister bkyz2-fmaaa-aaaaa-qaaaq-cai] [ERROR common::http::icp] resp size: 4904b
2023-08-16 12:53:18.602845511 UTC: [Canister bkyz2-fmaaa-aaaaa-qaaaq-cai] [ERROR common::http::icp] GET https://www.lightclientdata.org/eth/v1/beacon/light_client/optimistic_update
2023-08-16 12:53:20.668297673 UTC: [Canister bkyz2-fmaaa-aaaaa-qaaaq-cai] [ERROR common::http::icp] GET https://beacon-nd-995-871-887.p2pify.com:443/c9dce41bab3e120f541e4ffb748efa60/eth/v1/beacon/light_client/optimistic_update
2023-08-16 12:53:21.711380675 UTC: [Canister bkyz2-fmaaa-aaaaa-qaaaq-cai] [ERROR common::http::icp] resp size: 2478b
2023-08-16 12:53:21.711380675 UTC: [Canister bkyz2-fmaaa-aaaaa-qaaaq-cai] [ERROR common::http::icp] GET https://www.lightclientdata.org/eth/v2/beacon/blocks/7113863
2023-08-16 12:53:23.742703359 UTC: [Canister bkyz2-fmaaa-aaaaa-qaaaq-cai] [ERROR common::http::icp] GET https://beacon-nd-995-871-887.p2pify.com:443/c9dce41bab3e120f541e4ffb748efa60/eth/v2/beacon/blocks/7113863
2023-08-16 12:53:25.954382432 UTC: [Canister bkyz2-fmaaa-aaaaa-qaaaq-cai] [ERROR common::http::icp] resp size: 532582b
2023-08-16 12:53:25.954382432 UTC: [Canister bkyz2-fmaaa-aaaaa-qaaaq-cai] [ERROR common::http::icp] GET https://www.lightclientdata.org/eth/v2/beacon/blocks/7113792
2023-08-16 12:53:27.780607064 UTC: [Canister bkyz2-fmaaa-aaaaa-qaaaq-cai] [ERROR common::http::icp] GET https://beacon-nd-995-871-887.p2pify.com:443/c9dce41bab3e120f541e4ffb748efa60/eth/v2/beacon/blocks/7113792
2023-08-16 12:53:30.622959047 UTC: [Canister bkyz2-fmaaa-aaaaa-qaaaq-cai] [ERROR common::http::icp] resp size: 315156b
2023-08-16 12:53:30.622959047 UTC: [Canister bkyz2-fmaaa-aaaaa-qaaaq-cai] [ERROR common::http::icp] GET https://www.lightclientdata.org/eth/v2/beacon/blocks/7113863
2023-08-16 12:53:32.265723315 UTC: [Canister bkyz2-fmaaa-aaaaa-qaaaq-cai] [ERROR common::http::icp] GET https://beacon-nd-995-871-887.p2pify.com:443/c9dce41bab3e120f541e4ffb748efa60/eth/v2/beacon/blocks/7113863
2023-08-16 12:53:35.152439413 UTC: [Canister bkyz2-fmaaa-aaaaa-qaaaq-cai] [ERROR common::http::icp] resp size: 532582b
2023-08-16 12:53:35.152439413 UTC: [Canister bkyz2-fmaaa-aaaaa-qaaaq-cai] [ERROR common::http::icp] GET https://www.lightclientdata.org/eth/v2/beacon/blocks/7113862
2023-08-16 12:53:35.152439413 UTC: [Canister bkyz2-fmaaa-aaaaa-qaaaq-cai] [ERROR common::http::icp] GET https://www.lightclientdata.org/eth/v2/beacon/blocks/7113861
2023-08-16 12:53:35.152439413 UTC: [Canister bkyz2-fmaaa-aaaaa-qaaaq-cai] [ERROR common::http::icp] GET https://www.lightclientdata.org/eth/v2/beacon/blocks/7113860
2023-08-16 12:53:35.152439413 UTC: [Canister bkyz2-fmaaa-aaaaa-qaaaq-cai] [ERROR common::http::icp] GET https://www.lightclientdata.org/eth/v2/beacon/blocks/7113859
2023-08-16 12:53:35.152439413 UTC: [Canister bkyz2-fmaaa-aaaaa-qaaaq-cai] [ERROR common::http::icp] GET https://www.lightclientdata.org/eth/v2/beacon/blocks/7113858
2023-08-16 12:53:35.152439413 UTC: [Canister bkyz2-fmaaa-aaaaa-qaaaq-cai] [ERROR common::http::icp] GET https://www.lightclientdata.org/eth/v2/beacon/blocks/7113857
2023-08-16 12:53:35.152439413 UTC: [Canister bkyz2-fmaaa-aaaaa-qaaaq-cai] [ERROR common::http::icp] GET https://www.lightclientdata.org/eth/v2/beacon/blocks/7113856
2023-08-16 12:53:35.152439413 UTC: [Canister bkyz2-fmaaa-aaaaa-qaaaq-cai] [ERROR common::http::icp] GET https://www.lightclientdata.org/eth/v2/beacon/blocks/7113855
2023-08-16 12:53:35.152439413 UTC: [Canister bkyz2-fmaaa-aaaaa-qaaaq-cai] [ERROR common::http::icp] GET https://www.lightclientdata.org/eth/v2/beacon/blocks/7113854
2023-08-16 12:53:35.152439413 UTC: [Canister bkyz2-fmaaa-aaaaa-qaaaq-cai] [ERROR common::http::icp] GET https://www.lightclientdata.org/eth/v2/beacon/blocks/7113853
2023-08-16 12:53:35.152439413 UTC: [Canister bkyz2-fmaaa-aaaaa-qaaaq-cai] [ERROR common::http::icp] GET https://www.lightclientdata.org/eth/v2/beacon/blocks/7113852
2023-08-16 12:53:35.152439413 UTC: [Canister bkyz2-fmaaa-aaaaa-qaaaq-cai] [ERROR common::http::icp] GET https://www.lightclientdata.org/eth/v2/beacon/blocks/7113851
2023-08-16 12:53:35.152439413 UTC: [Canister bkyz2-fmaaa-aaaaa-qaaaq-cai] [ERROR common::http::icp] GET https://www.lightclientdata.org/eth/v2/beacon/blocks/7113850
2023-08-16 12:53:35.152439413 UTC: [Canister bkyz2-fmaaa-aaaaa-qaaaq-cai] [ERROR common::http::icp] GET https://www.lightclientdata.org/eth/v2/beacon/blocks/7113849
2023-08-16 12:53:35.152439413 UTC: [Canister bkyz2-fmaaa-aaaaa-qaaaq-cai] [ERROR common::http::icp] GET https://www.lightclientdata.org/eth/v2/beacon/blocks/7113848
2023-08-16 12:53:35.152439413 UTC: [Canister bkyz2-fmaaa-aaaaa-qaaaq-cai] [ERROR common::http::icp] GET https://www.lightclientdata.org/eth/v2/beacon/blocks/7113847
2023-08-16 12:53:35.152439413 UTC: [Canister bkyz2-fmaaa-aaaaa-qaaaq-cai] [ERROR common::http::icp] GET https://www.lightclientdata.org/eth/v2/beacon/blocks/7113846
2023-08-16 12:53:35.152439413 UTC: [Canister bkyz2-fmaaa-aaaaa-qaaaq-cai] [ERROR common::http::icp] GET https://www.lightclientdata.org/eth/v2/beacon/blocks/7113845
2023-08-16 12:53:35.152439413 UTC: [Canister bkyz2-fmaaa-aaaaa-qaaaq-cai] [ERROR common::http::icp] GET https://www.lightclientdata.org/eth/v2/beacon/blocks/7113844
2023-08-16 12:53:35.152439413 UTC: [Canister bkyz2-fmaaa-aaaaa-qaaaq-cai] [ERROR common::http::icp] GET https://www.lightclientdata.org/eth/v2/beacon/blocks/7113843
2023-08-16 12:53:35.152439413 UTC: [Canister bkyz2-fmaaa-aaaaa-qaaaq-cai] [ERROR common::http::icp] GET https://www.lightclientdata.org/eth/v2/beacon/blocks/7113842
2023-08-16 12:53:35.152439413 UTC: [Canister bkyz2-fmaaa-aaaaa-qaaaq-cai] [ERROR common::http::icp] GET https://www.lightclientdata.org/eth/v2/beacon/blocks/7113841
2023-08-16 12:53:35.152439413 UTC: [Canister bkyz2-fmaaa-aaaaa-qaaaq-cai] [ERROR common::http::icp] GET https://www.lightclientdata.org/eth/v2/beacon/blocks/7113840
2023-08-16 12:53:35.152439413 UTC: [Canister bkyz2-fmaaa-aaaaa-qaaaq-cai] [ERROR common::http::icp] GET https://www.lightclientdata.org/eth/v2/beacon/blocks/7113839
2023-08-16 12:53:35.152439413 UTC: [Canister bkyz2-fmaaa-aaaaa-qaaaq-cai] [ERROR common::http::icp] GET https://www.lightclientdata.org/eth/v2/beacon/blocks/7113838
2023-08-16 12:53:35.152439413 UTC: [Canister bkyz2-fmaaa-aaaaa-qaaaq-cai] [ERROR common::http::icp] GET https://www.lightclientdata.org/eth/v2/beacon/blocks/7113837
2023-08-16 12:53:35.152439413 UTC: [Canister bkyz2-fmaaa-aaaaa-qaaaq-cai] [ERROR common::http::icp] GET https://www.lightclientdata.org/eth/v2/beacon/blocks/7113836
2023-08-16 12:53:35.152439413 UTC: [Canister bkyz2-fmaaa-aaaaa-qaaaq-cai] [ERROR common::http::icp] GET https://www.lightclientdata.org/eth/v2/beacon/blocks/7113835
2023-08-16 12:53:35.152439413 UTC: [Canister bkyz2-fmaaa-aaaaa-qaaaq-cai] [ERROR common::http::icp] GET https://www.lightclientdata.org/eth/v2/beacon/blocks/7113834
2023-08-16 12:53:35.152439413 UTC: [Canister bkyz2-fmaaa-aaaaa-qaaaq-cai] [ERROR common::http::icp] GET https://www.lightclientdata.org/eth/v2/beacon/blocks/7113833
2023-08-16 12:53:35.152439413 UTC: [Canister bkyz2-fmaaa-aaaaa-qaaaq-cai] [ERROR common::http::icp] GET https://www.lightclientdata.org/eth/v2/beacon/blocks/7113832
2023-08-16 12:53:35.152439413 UTC: [Canister bkyz2-fmaaa-aaaaa-qaaaq-cai] [ERROR common::http::icp] GET https://www.lightclientdata.org/eth/v2/beacon/blocks/7113831
2023-08-16 12:53:35.152439413 UTC: [Canister bkyz2-fmaaa-aaaaa-qaaaq-cai] [ERROR common::http::icp] GET https://www.lightclientdata.org/eth/v2/beacon/blocks/7113830
2023-08-16 12:53:35.152439413 UTC: [Canister bkyz2-fmaaa-aaaaa-qaaaq-cai] [ERROR common::http::icp] GET https://www.lightclientdata.org/eth/v2/beacon/blocks/7113829
2023-08-16 12:53:35.152439413 UTC: [Canister bkyz2-fmaaa-aaaaa-qaaaq-cai] [ERROR common::http::icp] GET https://www.lightclientdata.org/eth/v2/beacon/blocks/7113828
2023-08-16 12:53:35.152439413 UTC: [Canister bkyz2-fmaaa-aaaaa-qaaaq-cai] [ERROR common::http::icp] GET https://www.lightclientdata.org/eth/v2/beacon/blocks/7113827
2023-08-16 12:53:35.152439413 UTC: [Canister bkyz2-fmaaa-aaaaa-qaaaq-cai] [ERROR common::http::icp] GET https://www.lightclientdata.org/eth/v2/beacon/blocks/7113826
2023-08-16 12:53:35.152439413 UTC: [Canister bkyz2-fmaaa-aaaaa-qaaaq-cai] [ERROR common::http::icp] GET https://www.lightclientdata.org/eth/v2/beacon/blocks/7113825
2023-08-16 12:53:35.152439413 UTC: [Canister bkyz2-fmaaa-aaaaa-qaaaq-cai] [ERROR common::http::icp] GET https://www.lightclientdata.org/eth/v2/beacon/blocks/7113824
2023-08-16 12:53:35.152439413 UTC: [Canister bkyz2-fmaaa-aaaaa-qaaaq-cai] [ERROR common::http::icp] GET https://www.lightclientdata.org/eth/v2/beacon/blocks/7113823
2023-08-16 12:53:35.152439413 UTC: [Canister bkyz2-fmaaa-aaaaa-qaaaq-cai] [ERROR common::http::icp] GET https://www.lightclientdata.org/eth/v2/beacon/blocks/7113822
2023-08-16 12:53:35.152439413 UTC: [Canister bkyz2-fmaaa-aaaaa-qaaaq-cai] [ERROR common::http::icp] GET https://www.lightclientdata.org/eth/v2/beacon/blocks/7113821
2023-08-16 12:53:35.152439413 UTC: [Canister bkyz2-fmaaa-aaaaa-qaaaq-cai] [ERROR common::http::icp] GET https://www.lightclientdata.org/eth/v2/beacon/blocks/7113820
2023-08-16 12:53:35.152439413 UTC: [Canister bkyz2-fmaaa-aaaaa-qaaaq-cai] [ERROR common::http::icp] GET https://www.lightclientdata.org/eth/v2/beacon/blocks/7113819
2023-08-16 12:53:35.152439413 UTC: [Canister bkyz2-fmaaa-aaaaa-qaaaq-cai] [ERROR common::http::icp] GET https://www.lightclientdata.org/eth/v2/beacon/blocks/7113818
2023-08-16 12:53:35.152439413 UTC: [Canister bkyz2-fmaaa-aaaaa-qaaaq-cai] [ERROR common::http::icp] GET https://www.lightclientdata.org/eth/v2/beacon/blocks/7113817
2023-08-16 12:53:35.152439413 UTC: [Canister bkyz2-fmaaa-aaaaa-qaaaq-cai] [ERROR common::http::icp] GET https://www.lightclientdata.org/eth/v2/beacon/blocks/7113816
2023-08-16 12:53:35.152439413 UTC: [Canister bkyz2-fmaaa-aaaaa-qaaaq-cai] [ERROR common::http::icp] GET https://www.lightclientdata.org/eth/v2/beacon/blocks/7113815
2023-08-16 12:53:35.152439413 UTC: [Canister bkyz2-fmaaa-aaaaa-qaaaq-cai] [ERROR common::http::icp] GET https://www.lightclientdata.org/eth/v2/beacon/blocks/7113814
2023-08-16 12:53:35.152439413 UTC: [Canister bkyz2-fmaaa-aaaaa-qaaaq-cai] [ERROR common::http::icp] GET https://www.lightclientdata.org/eth/v2/beacon/blocks/7113813
2023-08-16 12:53:35.152439413 UTC: [Canister bkyz2-fmaaa-aaaaa-qaaaq-cai] [ERROR common::http::icp] GET https://www.lightclientdata.org/eth/v2/beacon/blocks/7113812
2023-08-16 12:53:35.152439413 UTC: [Canister bkyz2-fmaaa-aaaaa-qaaaq-cai] [ERROR common::http::icp] GET https://www.lightclientdata.org/eth/v2/beacon/blocks/7113811
2023-08-16 12:53:35.152439413 UTC: [Canister bkyz2-fmaaa-aaaaa-qaaaq-cai] [ERROR common::http::icp] GET https://www.lightclientdata.org/eth/v2/beacon/blocks/7113810
2023-08-16 12:53:35.152439413 UTC: [Canister bkyz2-fmaaa-aaaaa-qaaaq-cai] [ERROR common::http::icp] GET https://www.lightclientdata.org/eth/v2/beacon/blocks/7113809
2023-08-16 12:53:35.152439413 UTC: [Canister bkyz2-fmaaa-aaaaa-qaaaq-cai] [ERROR common::http::icp] GET https://www.lightclientdata.org/eth/v2/beacon/blocks/7113808
2023-08-16 12:53:35.152439413 UTC: [Canister bkyz2-fmaaa-aaaaa-qaaaq-cai] [ERROR common::http::icp] GET https://www.lightclientdata.org/eth/v2/beacon/blocks/7113807
2023-08-16 12:53:35.152439413 UTC: [Canister bkyz2-fmaaa-aaaaa-qaaaq-cai] [ERROR common::http::icp] GET https://www.lightclientdata.org/eth/v2/beacon/blocks/7113806
2023-08-16 12:53:35.152439413 UTC: [Canister bkyz2-fmaaa-aaaaa-qaaaq-cai] [ERROR common::http::icp] GET https://www.lightclientdata.org/eth/v2/beacon/blocks/7113805
2023-08-16 12:53:35.152439413 UTC: [Canister bkyz2-fmaaa-aaaaa-qaaaq-cai] [ERROR common::http::icp] GET https://www.lightclientdata.org/eth/v2/beacon/blocks/7113804
2023-08-16 12:53:35.152439413 UTC: [Canister bkyz2-fmaaa-aaaaa-qaaaq-cai] [ERROR common::http::icp] GET https://www.lightclientdata.org/eth/v2/beacon/blocks/7113803
2023-08-16 12:53:35.152439413 UTC: [Canister bkyz2-fmaaa-aaaaa-qaaaq-cai] [ERROR common::http::icp] GET https://www.lightclientdata.org/eth/v2/beacon/blocks/7113802
2023-08-16 12:53:35.152439413 UTC: [Canister bkyz2-fmaaa-aaaaa-qaaaq-cai] [ERROR common::http::icp] GET https://www.lightclientdata.org/eth/v2/beacon/blocks/7113801
2023-08-16 12:53:35.152439413 UTC: [Canister bkyz2-fmaaa-aaaaa-qaaaq-cai] [ERROR common::http::icp] GET https://www.lightclientdata.org/eth/v2/beacon/blocks/7113800
2023-08-16 12:53:35.152439413 UTC: [Canister bkyz2-fmaaa-aaaaa-qaaaq-cai] [ERROR common::http::icp] GET https://www.lightclientdata.org/eth/v2/beacon/blocks/7113799
2023-08-16 12:53:36.299331483 UTC: [Canister bkyz2-fmaaa-aaaaa-qaaaq-cai] [ERROR common::http::icp] GET https://beacon-nd-995-871-887.p2pify.com:443/c9dce41bab3e120f541e4ffb748efa60/eth/v2/beacon/blocks/7113861
2023-08-16 12:53:36.608470244 UTC: [Canister bkyz2-fmaaa-aaaaa-qaaaq-cai] [ERROR common::http::icp] GET https://beacon-nd-995-871-887.p2pify.com:443/c9dce41bab3e120f541e4ffb748efa60/eth/v2/beacon/blocks/7113856
2023-08-16 12:53:36.608470244 UTC: [Canister bkyz2-fmaaa-aaaaa-qaaaq-cai] [ERROR common::http::icp] GET https://beacon-nd-995-871-887.p2pify.com:443/c9dce41bab3e120f541e4ffb748efa60/eth/v2/beacon/blocks/7113860
2023-08-16 12:53:36.608470244 UTC: [Canister bkyz2-fmaaa-aaaaa-qaaaq-cai] [ERROR common::http::icp] GET https://beacon-nd-995-871-887.p2pify.com:443/c9dce41bab3e120f541e4ffb748efa60/eth/v2/beacon/blocks/7113862
2023-08-16 12:53:36.919020655 UTC: [Canister bkyz2-fmaaa-aaaaa-qaaaq-cai] [ERROR common::http::icp] GET https://beacon-nd-995-871-887.p2pify.com:443/c9dce41bab3e120f541e4ffb748efa60/eth/v2/beacon/blocks/7113859
2023-08-16 12:53:37.041496551 UTC: [Canister bkyz2-fmaaa-aaaaa-qaaaq-cai] [ERROR common::http::icp] GET https://beacon-nd-995-871-887.p2pify.com:443/c9dce41bab3e120f541e4ffb748efa60/eth/v2/beacon/blocks/7113799
2023-08-16 12:53:37.041496551 UTC: [Canister bkyz2-fmaaa-aaaaa-qaaaq-cai] [ERROR common::http::icp] GET https://beacon-nd-995-871-887.p2pify.com:443/c9dce41bab3e120f541e4ffb748efa60/eth/v2/beacon/blocks/7113800
2023-08-16 12:53:37.041496551 UTC: [Canister bkyz2-fmaaa-aaaaa-qaaaq-cai] [ERROR common::http::icp] GET https://beacon-nd-995-871-887.p2pify.com:443/c9dce41bab3e120f541e4ffb748efa60/eth/v2/beacon/blocks/7113801
2023-08-16 12:53:37.041496551 UTC: [Canister bkyz2-fmaaa-aaaaa-qaaaq-cai] [ERROR common::http::icp] GET https://beacon-nd-995-871-887.p2pify.com:443/c9dce41bab3e120f541e4ffb748efa60/eth/v2/beacon/blocks/7113802
2023-08-16 12:53:37.041496551 UTC: [Canister bkyz2-fmaaa-aaaaa-qaaaq-cai] [ERROR common::http::icp] GET https://beacon-nd-995-871-887.p2pify.com:443/c9dce41bab3e120f541e4ffb748efa60/eth/v2/beacon/blocks/7113803
2023-08-16 12:53:37.041496551 UTC: [Canister bkyz2-fmaaa-aaaaa-qaaaq-cai] [ERROR common::http::icp] GET https://beacon-nd-995-871-887.p2pify.com:443/c9dce41bab3e120f541e4ffb748efa60/eth/v2/beacon/blocks/7113804
2023-08-16 12:53:37.041496551 UTC: [Canister bkyz2-fmaaa-aaaaa-qaaaq-cai] [ERROR common::http::icp] GET https://beacon-nd-995-871-887.p2pify.com:443/c9dce41bab3e120f541e4ffb748efa60/eth/v2/beacon/blocks/7113805
2023-08-16 12:53:37.041496551 UTC: [Canister bkyz2-fmaaa-aaaaa-qaaaq-cai] [ERROR common::http::icp] GET https://beacon-nd-995-871-887.p2pify.com:443/c9dce41bab3e120f541e4ffb748efa60/eth/v2/beacon/blocks/7113806
2023-08-16 12:53:37.041496551 UTC: [Canister bkyz2-fmaaa-aaaaa-qaaaq-cai] [ERROR common::http::icp] GET https://beacon-nd-995-871-887.p2pify.com:443/c9dce41bab3e120f541e4ffb748efa60/eth/v2/beacon/blocks/7113807
2023-08-16 12:53:37.041496551 UTC: [Canister bkyz2-fmaaa-aaaaa-qaaaq-cai] [ERROR common::http::icp] GET https://beacon-nd-995-871-887.p2pify.com:443/c9dce41bab3e120f541e4ffb748efa60/eth/v2/beacon/blocks/7113808
2023-08-16 12:53:37.041496551 UTC: [Canister bkyz2-fmaaa-aaaaa-qaaaq-cai] [ERROR common::http::icp] GET https://beacon-nd-995-871-887.p2pify.com:443/c9dce41bab3e120f541e4ffb748efa60/eth/v2/beacon/blocks/7113809
2023-08-16 12:53:37.041496551 UTC: [Canister bkyz2-fmaaa-aaaaa-qaaaq-cai] [ERROR common::http::icp] GET https://beacon-nd-995-871-887.p2pify.com:443/c9dce41bab3e120f541e4ffb748efa60/eth/v2/beacon/blocks/7113810
2023-08-16 12:53:37.041496551 UTC: [Canister bkyz2-fmaaa-aaaaa-qaaaq-cai] [ERROR common::http::icp] GET https://beacon-nd-995-871-887.p2pify.com:443/c9dce41bab3e120f541e4ffb748efa60/eth/v2/beacon/blocks/7113811
2023-08-16 12:53:37.041496551 UTC: [Canister bkyz2-fmaaa-aaaaa-qaaaq-cai] [ERROR common::http::icp] GET https://beacon-nd-995-871-887.p2pify.com:443/c9dce41bab3e120f541e4ffb748efa60/eth/v2/beacon/blocks/7113812
2023-08-16 12:53:37.041496551 UTC: [Canister bkyz2-fmaaa-aaaaa-qaaaq-cai] [ERROR common::http::icp] GET https://beacon-nd-995-871-887.p2pify.com:443/c9dce41bab3e120f541e4ffb748efa60/eth/v2/beacon/blocks/7113813
2023-08-16 12:53:37.041496551 UTC: [Canister bkyz2-fmaaa-aaaaa-qaaaq-cai] [ERROR common::http::icp] GET https://beacon-nd-995-871-887.p2pify.com:443/c9dce41bab3e120f541e4ffb748efa60/eth/v2/beacon/blocks/7113814
2023-08-16 12:53:37.041496551 UTC: [Canister bkyz2-fmaaa-aaaaa-qaaaq-cai] [ERROR common::http::icp] GET https://beacon-nd-995-871-887.p2pify.com:443/c9dce41bab3e120f541e4ffb748efa60/eth/v2/beacon/blocks/7113815
2023-08-16 12:53:37.041496551 UTC: [Canister bkyz2-fmaaa-aaaaa-qaaaq-cai] [ERROR common::http::icp] GET https://beacon-nd-995-871-887.p2pify.com:443/c9dce41bab3e120f541e4ffb748efa60/eth/v2/beacon/blocks/7113816
2023-08-16 12:53:37.041496551 UTC: [Canister bkyz2-fmaaa-aaaaa-qaaaq-cai] [ERROR common::http::icp] GET https://beacon-nd-995-871-887.p2pify.com:443/c9dce41bab3e120f541e4ffb748efa60/eth/v2/beacon/blocks/7113817
2023-08-16 12:53:37.041496551 UTC: [Canister bkyz2-fmaaa-aaaaa-qaaaq-cai] [ERROR common::http::icp] GET https://beacon-nd-995-871-887.p2pify.com:443/c9dce41bab3e120f541e4ffb748efa60/eth/v2/beacon/blocks/7113818
2023-08-16 12:53:37.041496551 UTC: [Canister bkyz2-fmaaa-aaaaa-qaaaq-cai] [ERROR common::http::icp] GET https://beacon-nd-995-871-887.p2pify.com:443/c9dce41bab3e120f541e4ffb748efa60/eth/v2/beacon/blocks/7113819
2023-08-16 12:53:37.041496551 UTC: [Canister bkyz2-fmaaa-aaaaa-qaaaq-cai] [ERROR common::http::icp] GET https://beacon-nd-995-871-887.p2pify.com:443/c9dce41bab3e120f541e4ffb748efa60/eth/v2/beacon/blocks/7113820
2023-08-16 12:53:37.041496551 UTC: [Canister bkyz2-fmaaa-aaaaa-qaaaq-cai] [ERROR common::http::icp] GET https://beacon-nd-995-871-887.p2pify.com:443/c9dce41bab3e120f541e4ffb748efa60/eth/v2/beacon/blocks/7113821
2023-08-16 12:53:37.041496551 UTC: [Canister bkyz2-fmaaa-aaaaa-qaaaq-cai] [ERROR common::http::icp] GET https://beacon-nd-995-871-887.p2pify.com:443/c9dce41bab3e120f541e4ffb748efa60/eth/v2/beacon/blocks/7113822
2023-08-16 12:53:37.041496551 UTC: [Canister bkyz2-fmaaa-aaaaa-qaaaq-cai] [ERROR common::http::icp] GET https://beacon-nd-995-871-887.p2pify.com:443/c9dce41bab3e120f541e4ffb748efa60/eth/v2/beacon/blocks/7113823
2023-08-16 12:53:37.041496551 UTC: [Canister bkyz2-fmaaa-aaaaa-qaaaq-cai] [ERROR common::http::icp] GET https://beacon-nd-995-871-887.p2pify.com:443/c9dce41bab3e120f541e4ffb748efa60/eth/v2/beacon/blocks/7113824
2023-08-16 12:53:37.041496551 UTC: [Canister bkyz2-fmaaa-aaaaa-qaaaq-cai] [ERROR common::http::icp] GET https://beacon-nd-995-871-887.p2pify.com:443/c9dce41bab3e120f541e4ffb748efa60/eth/v2/beacon/blocks/7113825
2023-08-16 12:53:37.041496551 UTC: [Canister bkyz2-fmaaa-aaaaa-qaaaq-cai] [ERROR common::http::icp] GET https://beacon-nd-995-871-887.p2pify.com:443/c9dce41bab3e120f541e4ffb748efa60/eth/v2/beacon/blocks/7113826
2023-08-16 12:53:37.041496551 UTC: [Canister bkyz2-fmaaa-aaaaa-qaaaq-cai] [ERROR common::http::icp] GET https://beacon-nd-995-871-887.p2pify.com:443/c9dce41bab3e120f541e4ffb748efa60/eth/v2/beacon/blocks/7113827
2023-08-16 12:53:37.041496551 UTC: [Canister bkyz2-fmaaa-aaaaa-qaaaq-cai] [ERROR common::http::icp] GET https://beacon-nd-995-871-887.p2pify.com:443/c9dce41bab3e120f541e4ffb748efa60/eth/v2/beacon/blocks/7113828
2023-08-16 12:53:37.041496551 UTC: [Canister bkyz2-fmaaa-aaaaa-qaaaq-cai] [ERROR common::http::icp] GET https://beacon-nd-995-871-887.p2pify.com:443/c9dce41bab3e120f541e4ffb748efa60/eth/v2/beacon/blocks/7113829
2023-08-16 12:53:37.041496551 UTC: [Canister bkyz2-fmaaa-aaaaa-qaaaq-cai] [ERROR common::http::icp] GET https://beacon-nd-995-871-887.p2pify.com:443/c9dce41bab3e120f541e4ffb748efa60/eth/v2/beacon/blocks/7113830
2023-08-16 12:53:37.041496551 UTC: [Canister bkyz2-fmaaa-aaaaa-qaaaq-cai] [ERROR common::http::icp] GET https://beacon-nd-995-871-887.p2pify.com:443/c9dce41bab3e120f541e4ffb748efa60/eth/v2/beacon/blocks/7113831
2023-08-16 12:53:37.041496551 UTC: [Canister bkyz2-fmaaa-aaaaa-qaaaq-cai] [ERROR common::http::icp] GET https://beacon-nd-995-871-887.p2pify.com:443/c9dce41bab3e120f541e4ffb748efa60/eth/v2/beacon/blocks/7113832
2023-08-16 12:53:37.041496551 UTC: [Canister bkyz2-fmaaa-aaaaa-qaaaq-cai] [ERROR common::http::icp] GET https://beacon-nd-995-871-887.p2pify.com:443/c9dce41bab3e120f541e4ffb748efa60/eth/v2/beacon/blocks/7113833
2023-08-16 12:53:37.041496551 UTC: [Canister bkyz2-fmaaa-aaaaa-qaaaq-cai] [ERROR common::http::icp] GET https://beacon-nd-995-871-887.p2pify.com:443/c9dce41bab3e120f541e4ffb748efa60/eth/v2/beacon/blocks/7113834
2023-08-16 12:53:37.041496551 UTC: [Canister bkyz2-fmaaa-aaaaa-qaaaq-cai] [ERROR common::http::icp] GET https://beacon-nd-995-871-887.p2pify.com:443/c9dce41bab3e120f541e4ffb748efa60/eth/v2/beacon/blocks/7113835
2023-08-16 12:53:37.041496551 UTC: [Canister bkyz2-fmaaa-aaaaa-qaaaq-cai] [ERROR common::http::icp] GET https://beacon-nd-995-871-887.p2pify.com:443/c9dce41bab3e120f541e4ffb748efa60/eth/v2/beacon/blocks/7113836
2023-08-16 12:53:37.041496551 UTC: [Canister bkyz2-fmaaa-aaaaa-qaaaq-cai] [ERROR common::http::icp] GET https://beacon-nd-995-871-887.p2pify.com:443/c9dce41bab3e120f541e4ffb748efa60/eth/v2/beacon/blocks/7113837
2023-08-16 12:53:37.041496551 UTC: [Canister bkyz2-fmaaa-aaaaa-qaaaq-cai] [ERROR common::http::icp] GET https://beacon-nd-995-871-887.p2pify.com:443/c9dce41bab3e120f541e4ffb748efa60/eth/v2/beacon/blocks/7113838
2023-08-16 12:53:37.041496551 UTC: [Canister bkyz2-fmaaa-aaaaa-qaaaq-cai] [ERROR common::http::icp] GET https://beacon-nd-995-871-887.p2pify.com:443/c9dce41bab3e120f541e4ffb748efa60/eth/v2/beacon/blocks/7113839
2023-08-16 12:53:37.041496551 UTC: [Canister bkyz2-fmaaa-aaaaa-qaaaq-cai] [ERROR common::http::icp] GET https://beacon-nd-995-871-887.p2pify.com:443/c9dce41bab3e120f541e4ffb748efa60/eth/v2/beacon/blocks/7113840
2023-08-16 12:53:37.041496551 UTC: [Canister bkyz2-fmaaa-aaaaa-qaaaq-cai] [ERROR common::http::icp] GET https://beacon-nd-995-871-887.p2pify.com:443/c9dce41bab3e120f541e4ffb748efa60/eth/v2/beacon/blocks/7113841
2023-08-16 12:53:37.041496551 UTC: [Canister bkyz2-fmaaa-aaaaa-qaaaq-cai] [ERROR common::http::icp] GET https://beacon-nd-995-871-887.p2pify.com:443/c9dce41bab3e120f541e4ffb748efa60/eth/v2/beacon/blocks/7113842
2023-08-16 12:53:37.041496551 UTC: [Canister bkyz2-fmaaa-aaaaa-qaaaq-cai] [ERROR common::http::icp] GET https://beacon-nd-995-871-887.p2pify.com:443/c9dce41bab3e120f541e4ffb748efa60/eth/v2/beacon/blocks/7113843
2023-08-16 12:53:37.041496551 UTC: [Canister bkyz2-fmaaa-aaaaa-qaaaq-cai] [ERROR common::http::icp] GET https://beacon-nd-995-871-887.p2pify.com:443/c9dce41bab3e120f541e4ffb748efa60/eth/v2/beacon/blocks/7113844
2023-08-16 12:53:37.041496551 UTC: [Canister bkyz2-fmaaa-aaaaa-qaaaq-cai] [ERROR common::http::icp] GET https://beacon-nd-995-871-887.p2pify.com:443/c9dce41bab3e120f541e4ffb748efa60/eth/v2/beacon/blocks/7113845
2023-08-16 12:53:37.041496551 UTC: [Canister bkyz2-fmaaa-aaaaa-qaaaq-cai] [ERROR common::http::icp] GET https://beacon-nd-995-871-887.p2pify.com:443/c9dce41bab3e120f541e4ffb748efa60/eth/v2/beacon/blocks/7113846
2023-08-16 12:53:37.041496551 UTC: [Canister bkyz2-fmaaa-aaaaa-qaaaq-cai] [ERROR common::http::icp] GET https://beacon-nd-995-871-887.p2pify.com:443/c9dce41bab3e120f541e4ffb748efa60/eth/v2/beacon/blocks/7113847
2023-08-16 12:53:37.041496551 UTC: [Canister bkyz2-fmaaa-aaaaa-qaaaq-cai] [ERROR common::http::icp] GET https://beacon-nd-995-871-887.p2pify.com:443/c9dce41bab3e120f541e4ffb748efa60/eth/v2/beacon/blocks/7113848
2023-08-16 12:53:37.041496551 UTC: [Canister bkyz2-fmaaa-aaaaa-qaaaq-cai] [ERROR common::http::icp] GET https://beacon-nd-995-871-887.p2pify.com:443/c9dce41bab3e120f541e4ffb748efa60/eth/v2/beacon/blocks/7113849
2023-08-16 12:53:37.041496551 UTC: [Canister bkyz2-fmaaa-aaaaa-qaaaq-cai] [ERROR common::http::icp] GET https://beacon-nd-995-871-887.p2pify.com:443/c9dce41bab3e120f541e4ffb748efa60/eth/v2/beacon/blocks/7113850
2023-08-16 12:53:37.041496551 UTC: [Canister bkyz2-fmaaa-aaaaa-qaaaq-cai] [ERROR common::http::icp] GET https://beacon-nd-995-871-887.p2pify.com:443/c9dce41bab3e120f541e4ffb748efa60/eth/v2/beacon/blocks/7113851
2023-08-16 12:53:37.041496551 UTC: [Canister bkyz2-fmaaa-aaaaa-qaaaq-cai] [ERROR common::http::icp] GET https://beacon-nd-995-871-887.p2pify.com:443/c9dce41bab3e120f541e4ffb748efa60/eth/v2/beacon/blocks/7113852
2023-08-16 12:53:37.041496551 UTC: [Canister bkyz2-fmaaa-aaaaa-qaaaq-cai] [ERROR common::http::icp] GET https://beacon-nd-995-871-887.p2pify.com:443/c9dce41bab3e120f541e4ffb748efa60/eth/v2/beacon/blocks/7113853
2023-08-16 12:53:37.041496551 UTC: [Canister bkyz2-fmaaa-aaaaa-qaaaq-cai] [ERROR common::http::icp] GET https://beacon-nd-995-871-887.p2pify.com:443/c9dce41bab3e120f541e4ffb748efa60/eth/v2/beacon/blocks/7113854
2023-08-16 12:53:37.041496551 UTC: [Canister bkyz2-fmaaa-aaaaa-qaaaq-cai] [ERROR common::http::icp] GET https://beacon-nd-995-871-887.p2pify.com:443/c9dce41bab3e120f541e4ffb748efa60/eth/v2/beacon/blocks/7113855
2023-08-16 12:53:37.041496551 UTC: [Canister bkyz2-fmaaa-aaaaa-qaaaq-cai] [ERROR common::http::icp] GET https://beacon-nd-995-871-887.p2pify.com:443/c9dce41bab3e120f541e4ffb748efa60/eth/v2/beacon/blocks/7113857
2023-08-16 12:53:37.041496551 UTC: [Canister bkyz2-fmaaa-aaaaa-qaaaq-cai] [ERROR common::http::icp] GET https://beacon-nd-995-871-887.p2pify.com:443/c9dce41bab3e120f541e4ffb748efa60/eth/v2/beacon/blocks/7113858
2023-08-16 12:53:38.925436323 UTC: [Canister bkyz2-fmaaa-aaaaa-qaaaq-cai] [ERROR common::http::icp] resp size: 325006b
2023-08-16 12:53:38.925436323 UTC: [Canister bkyz2-fmaaa-aaaaa-qaaaq-cai] [ERROR common::http::icp] resp size: 571873b
2023-08-16 12:53:38.925436323 UTC: [Canister bkyz2-fmaaa-aaaaa-qaaaq-cai] [ERROR common::http::icp] resp size: 426600b
2023-08-16 12:53:39.080608158 UTC: [Canister bkyz2-fmaaa-aaaaa-qaaaq-cai] [ERROR common::http::icp] resp size: 529336b
2023-08-16 12:53:39.080608158 UTC: [Canister bkyz2-fmaaa-aaaaa-qaaaq-cai] [ERROR common::http::icp] resp size: 389245b
2023-08-16 12:53:39.080608158 UTC: [Canister bkyz2-fmaaa-aaaaa-qaaaq-cai] [ERROR common::http::icp] resp size: 524322b
2023-08-16 12:53:39.238056953 UTC: [Canister bkyz2-fmaaa-aaaaa-qaaaq-cai] [ERROR common::http::icp] resp size: 844884b
2023-08-16 12:53:39.238056953 UTC: [Canister bkyz2-fmaaa-aaaaa-qaaaq-cai] [ERROR common::http::icp] resp size: 586820b
2023-08-16 12:53:39.238056953 UTC: [Canister bkyz2-fmaaa-aaaaa-qaaaq-cai] [ERROR common::http::icp] resp size: 594185b
2023-08-16 12:53:39.434938088 UTC: [Canister bkyz2-fmaaa-aaaaa-qaaaq-cai] [ERROR common::http::icp] resp size: 251602b
2023-08-16 12:53:39.434938088 UTC: [Canister bkyz2-fmaaa-aaaaa-qaaaq-cai] [ERROR common::http::icp] resp size: 329297b
2023-08-16 12:53:39.434938088 UTC: [Canister bkyz2-fmaaa-aaaaa-qaaaq-cai] [ERROR common::http::icp] resp size: 335882b
2023-08-16 12:53:39.434938088 UTC: [Canister bkyz2-fmaaa-aaaaa-qaaaq-cai] [ERROR common::http::icp] resp size: 424665b
2023-08-16 12:53:39.434938088 UTC: [Canister bkyz2-fmaaa-aaaaa-qaaaq-cai] [ERROR common::http::icp] resp size: 375808b
2023-08-16 12:53:39.628399732 UTC: [Canister bkyz2-fmaaa-aaaaa-qaaaq-cai] [ERROR common::http::icp] resp size: 321353b
2023-08-16 12:53:39.628399732 UTC: [Canister bkyz2-fmaaa-aaaaa-qaaaq-cai] [ERROR common::http::icp] resp size: 481741b
2023-08-16 12:53:39.628399732 UTC: [Canister bkyz2-fmaaa-aaaaa-qaaaq-cai] [ERROR common::http::icp] resp size: 380428b
2023-08-16 12:53:39.628399732 UTC: [Canister bkyz2-fmaaa-aaaaa-qaaaq-cai] [ERROR common::http::icp] resp size: 388320b
2023-08-16 12:53:39.827605868 UTC: [Canister bkyz2-fmaaa-aaaaa-qaaaq-cai] [ERROR common::http::icp] resp size: 182418b
2023-08-16 12:53:39.827605868 UTC: [Canister bkyz2-fmaaa-aaaaa-qaaaq-cai] [ERROR common::http::icp] resp size: 316195b
2023-08-16 12:53:39.827605868 UTC: [Canister bkyz2-fmaaa-aaaaa-qaaaq-cai] [ERROR common::http::icp] resp size: 125226b
2023-08-16 12:53:39.827605868 UTC: [Canister bkyz2-fmaaa-aaaaa-qaaaq-cai] [ERROR common::http::icp] resp size: 488535b
2023-08-16 12:53:39.827605868 UTC: [Canister bkyz2-fmaaa-aaaaa-qaaaq-cai] [ERROR common::http::icp] resp size: 626512b
2023-08-16 12:53:40.264906415 UTC: [Canister bkyz2-fmaaa-aaaaa-qaaaq-cai] [ERROR common::http::icp] resp size: 747986b
2023-08-16 12:53:40.264906415 UTC: [Canister bkyz2-fmaaa-aaaaa-qaaaq-cai] [ERROR common::http::icp] resp size: 513995b
2023-08-16 12:53:40.264906415 UTC: [Canister bkyz2-fmaaa-aaaaa-qaaaq-cai] [ERROR common::http::icp] resp size: 749569b
2023-08-16 12:53:40.894111853 UTC: [Canister bkyz2-fmaaa-aaaaa-qaaaq-cai] [ERROR common::http::icp] resp size: 399585b
2023-08-16 12:53:40.894111853 UTC: [Canister bkyz2-fmaaa-aaaaa-qaaaq-cai] [ERROR common::http::icp] resp size: 416143b
2023-08-16 12:53:40.894111853 UTC: [Canister bkyz2-fmaaa-aaaaa-qaaaq-cai] [ERROR common::http::icp] resp size: 302664b
2023-08-16 12:53:40.894111853 UTC: [Canister bkyz2-fmaaa-aaaaa-qaaaq-cai] [ERROR common::http::icp] resp size: 893274b
2023-08-16 12:53:41.378750865 UTC: [Canister bkyz2-fmaaa-aaaaa-qaaaq-cai] [ERROR common::http::icp] resp size: 888837b
2023-08-16 12:53:41.378750865 UTC: [Canister bkyz2-fmaaa-aaaaa-qaaaq-cai] [ERROR common::http::icp] resp size: 669246b
2023-08-16 12:53:41.705242518 UTC: [Canister bkyz2-fmaaa-aaaaa-qaaaq-cai] [ERROR common::http::icp] resp size: 494497b
2023-08-16 12:53:41.705242518 UTC: [Canister bkyz2-fmaaa-aaaaa-qaaaq-cai] [ERROR common::http::icp] resp size: 771129b
2023-08-16 12:53:41.705242518 UTC: [Canister bkyz2-fmaaa-aaaaa-qaaaq-cai] [ERROR common::http::icp] resp size: 379153b
2023-08-16 12:53:42.177957315 UTC: [Canister bkyz2-fmaaa-aaaaa-qaaaq-cai] [ERROR common::http::icp] resp size: 310720b
2023-08-16 12:53:42.177957315 UTC: [Canister bkyz2-fmaaa-aaaaa-qaaaq-cai] [ERROR common::http::icp] resp size: 559346b
2023-08-16 12:53:42.177957315 UTC: [Canister bkyz2-fmaaa-aaaaa-qaaaq-cai] [ERROR common::http::icp] resp size: 690733b
2023-08-16 12:53:42.856386438 UTC: [Canister bkyz2-fmaaa-aaaaa-qaaaq-cai] [ERROR common::http::icp] resp size: 579269b
2023-08-16 12:53:42.856386438 UTC: [Canister bkyz2-fmaaa-aaaaa-qaaaq-cai] [ERROR common::http::icp] resp size: 572714b
2023-08-16 12:53:42.856386438 UTC: [Canister bkyz2-fmaaa-aaaaa-qaaaq-cai] [ERROR common::http::icp] resp size: 932496b
2023-08-16 12:53:43.155979813 UTC: [Canister bkyz2-fmaaa-aaaaa-qaaaq-cai] [ERROR common::http::icp] resp size: 1053455b
2023-08-16 12:53:43.155979813 UTC: [Canister bkyz2-fmaaa-aaaaa-qaaaq-cai] [ERROR common::http::icp] resp size: 887382b
2023-08-16 12:53:44.021801704 UTC: [Canister bkyz2-fmaaa-aaaaa-qaaaq-cai] [ERROR common::http::icp] resp size: 345534b
2023-08-16 12:53:44.021801704 UTC: [Canister bkyz2-fmaaa-aaaaa-qaaaq-cai] [ERROR common::http::icp] resp size: 357519b
2023-08-16 12:53:44.021801704 UTC: [Canister bkyz2-fmaaa-aaaaa-qaaaq-cai] [ERROR common::http::icp] resp size: 346590b
2023-08-16 12:53:44.021801704 UTC: [Canister bkyz2-fmaaa-aaaaa-qaaaq-cai] [ERROR common::http::icp] resp size: 839192b
2023-08-16 12:53:44.316321981 UTC: [Canister bkyz2-fmaaa-aaaaa-qaaaq-cai] [ERROR common::http::icp] resp size: 333331b
2023-08-16 12:53:44.316321981 UTC: [Canister bkyz2-fmaaa-aaaaa-qaaaq-cai] [ERROR common::http::icp] resp size: 868745b
2023-08-16 12:53:44.316321981 UTC: [Canister bkyz2-fmaaa-aaaaa-qaaaq-cai] [ERROR common::http::icp] resp size: 835492b
2023-08-16 12:53:44.621207055 UTC: [Canister bkyz2-fmaaa-aaaaa-qaaaq-cai] [ERROR common::http::icp] resp size: 344056b
2023-08-16 12:53:44.621207055 UTC: [Canister bkyz2-fmaaa-aaaaa-qaaaq-cai] [ERROR common::http::icp] resp size: 357136b
2023-08-16 12:53:44.621207055 UTC: [Canister bkyz2-fmaaa-aaaaa-qaaaq-cai] [ERROR common::http::icp] resp size: 298520b
2023-08-16 12:53:44.621207055 UTC: [Canister bkyz2-fmaaa-aaaaa-qaaaq-cai] [ERROR common::http::icp] resp size: 584214b
2023-08-16 12:53:45.180251305 UTC: [Canister bkyz2-fmaaa-aaaaa-qaaaq-cai] [ERROR common::http::icp] resp size: 451647b
2023-08-16 12:53:45.180251305 UTC: [Canister bkyz2-fmaaa-aaaaa-qaaaq-cai] [ERROR common::http::icp] resp size: 505566b
2023-08-16 12:53:45.180251305 UTC: [Canister bkyz2-fmaaa-aaaaa-qaaaq-cai] [ERROR common::http::icp] resp size: 1138686b
2023-08-16 12:53:45.701422603 UTC: [Canister bkyz2-fmaaa-aaaaa-qaaaq-cai] [ERROR common::http::icp] resp size: 661760b
2023-08-16 12:53:45.701422603 UTC: [Canister bkyz2-fmaaa-aaaaa-qaaaq-cai] [ERROR common::http::icp] resp size: 575754b
2023-08-16 12:53:45.701422603 UTC: [Canister bkyz2-fmaaa-aaaaa-qaaaq-cai] [ERROR common::http::icp] resp size: 663506b
2023-08-16 12:53:46.216570241 UTC: [Canister bkyz2-fmaaa-aaaaa-qaaaq-cai] [ERROR common::http::icp] resp size: 533388b
2023-08-16 12:53:46.216570241 UTC: [Canister bkyz2-fmaaa-aaaaa-qaaaq-cai] [ERROR common::http::icp] resp size: 595434b
2023-08-16 12:53:46.216570241 UTC: [Canister bkyz2-fmaaa-aaaaa-qaaaq-cai] [ERROR common::http::icp] resp size: 562670b
2023-08-16 12:53:46.708861537 UTC: [Canister bkyz2-fmaaa-aaaaa-qaaaq-cai] [ERROR common::http::icp] resp size: 766488b
2023-08-16 12:53:46.708861537 UTC: [Canister bkyz2-fmaaa-aaaaa-qaaaq-cai] [WARN  ethereum_canister] Setup instructions: 1184677197
2023-08-16 12:53:46.708861537 UTC: [Canister bkyz2-fmaaa-aaaaa-qaaaq-cai] [WARN  ethereum_canister] Setup balance diff: 240493944825
()
Canister status call result for ethereum_canister.
Status: Running
Controllers: bnz7o-iuaaa-aaaaa-qaaaa-cai k3aal-kmbpv-g4pme-jprzt-bakbj-pxslp-uwg6u-khbky-q7vdl-oicgj-nqe
Memory allocation: 0
Compute allocation: 0
Freezing threshold: 2_592_000
Memory Size: Nat(58693423)
Balance: 2_851_343_963_976 Cycles
Module hash: 0xc84e898a4c2cb259a397262c69dda26a5faa35b281c0303b972aae4337c3d857
2023-08-16 12:53:50.643357855 UTC: [Canister bkyz2-fmaaa-aaaaa-qaaaq-cai] [ERROR common::http::icp] POST https://ethereum.publicnode.com
2023-08-16 12:53:50.643357855 UTC: [Canister bkyz2-fmaaa-aaaaa-qaaaq-cai] [ERROR common::http::icp] request size: 313
2023-08-16 12:53:54.242667045 UTC: [Canister bkyz2-fmaaa-aaaaa-qaaaq-cai] [ERROR common::http::icp] resp size: 281b
2023-08-16 12:53:54.242667045 UTC: [Canister bkyz2-fmaaa-aaaaa-qaaaq-cai] [ERROR common::http::icp] POST https://ethereum.publicnode.com
2023-08-16 12:53:54.242667045 UTC: [Canister bkyz2-fmaaa-aaaaa-qaaaq-cai] [ERROR common::http::icp] request size: 256
2023-08-16 12:53:54.242667045 UTC: [Canister bkyz2-fmaaa-aaaaa-qaaaq-cai] [ERROR common::http::icp] POST https://ethereum.publicnode.com
2023-08-16 12:53:54.242667045 UTC: [Canister bkyz2-fmaaa-aaaaa-qaaaq-cai] [ERROR common::http::icp] request size: 119
2023-08-16 12:53:54.242667045 UTC: [Canister bkyz2-fmaaa-aaaaa-qaaaq-cai] [ERROR common::http::icp] POST https://ethereum.publicnode.com
2023-08-16 12:53:54.242667045 UTC: [Canister bkyz2-fmaaa-aaaaa-qaaaq-cai] [ERROR common::http::icp] request size: 119
2023-08-16 12:53:54.242667045 UTC: [Canister bkyz2-fmaaa-aaaaa-qaaaq-cai] [ERROR common::http::icp] POST https://ethereum.publicnode.com
2023-08-16 12:53:54.242667045 UTC: [Canister bkyz2-fmaaa-aaaaa-qaaaq-cai] [ERROR common::http::icp] request size: 119
2023-08-16 12:53:55.782050065 UTC: [Canister bkyz2-fmaaa-aaaaa-qaaaq-cai] [ERROR common::http::icp] resp size: 7840b
2023-08-16 12:53:55.782050065 UTC: [Canister bkyz2-fmaaa-aaaaa-qaaaq-cai] [ERROR common::http::icp] resp size: 7759b
2023-08-16 12:53:55.782050065 UTC: [Canister bkyz2-fmaaa-aaaaa-qaaaq-cai] [ERROR common::http::icp] POST https://ethereum.publicnode.com
2023-08-16 12:53:55.782050065 UTC: [Canister bkyz2-fmaaa-aaaaa-qaaaq-cai] [ERROR common::http::icp] request size: 115
2023-08-16 12:53:55.782050065 UTC: [Canister bkyz2-fmaaa-aaaaa-qaaaq-cai] [ERROR common::http::icp] resp size: 7712b
2023-08-16 12:53:55.782050065 UTC: [Canister bkyz2-fmaaa-aaaaa-qaaaq-cai] [ERROR common::http::icp] resp size: 19995b
2023-08-16 12:53:55.782050065 UTC: [Canister bkyz2-fmaaa-aaaaa-qaaaq-cai] [ERROR common::http::icp] POST https://ethereum.publicnode.com
2023-08-16 12:53:55.782050065 UTC: [Canister bkyz2-fmaaa-aaaaa-qaaaq-cai] [ERROR common::http::icp] request size: 115
2023-08-16 12:53:57.302242328 UTC: [Canister bkyz2-fmaaa-aaaaa-qaaaq-cai] [ERROR common::http::icp] resp size: 22189b
2023-08-16 12:53:57.302242328 UTC: [Canister bkyz2-fmaaa-aaaaa-qaaaq-cai] [ERROR common::http::icp] resp size: 22189b
2023-08-16 12:53:57.302242328 UTC: [Canister bkyz2-fmaaa-aaaaa-qaaaq-cai] [ERROR common::http::icp] POST https://ethereum.publicnode.com
2023-08-16 12:53:57.302242328 UTC: [Canister bkyz2-fmaaa-aaaaa-qaaaq-cai] [ERROR common::http::icp] request size: 187
2023-08-16 12:53:58.546370747 UTC: [Canister bkyz2-fmaaa-aaaaa-qaaaq-cai] [ERROR common::http::icp] resp size: 13840b
2023-08-16 12:53:58.546370747 UTC: [Canister bkyz2-fmaaa-aaaaa-qaaaq-cai] [ERROR common::http::icp] POST https://ethereum.publicnode.com
2023-08-16 12:53:58.546370747 UTC: [Canister bkyz2-fmaaa-aaaaa-qaaaq-cai] [ERROR common::http::icp] request size: 115
2023-08-16 12:53:59.798886977 UTC: [Canister bkyz2-fmaaa-aaaaa-qaaaq-cai] [ERROR common::http::icp] resp size: 22189b
2023-08-16 12:53:59.798886977 UTC: [Canister bkyz2-fmaaa-aaaaa-qaaaq-cai] [ERROR common::http::icp] POST https://ethereum.publicnode.com
2023-08-16 12:53:59.798886977 UTC: [Canister bkyz2-fmaaa-aaaaa-qaaaq-cai] [ERROR common::http::icp] request size: 256
2023-08-16 12:54:01.689693713 UTC: [Canister bkyz2-fmaaa-aaaaa-qaaaq-cai] [ERROR common::http::icp] resp size: 19995b
2023-08-16 12:54:01.689693713 UTC: [Canister bkyz2-fmaaa-aaaaa-qaaaq-cai] [ERROR common::http::icp] POST https://ethereum.publicnode.com
2023-08-16 12:54:01.689693713 UTC: [Canister bkyz2-fmaaa-aaaaa-qaaaq-cai] [ERROR common::http::icp] request size: 116
2023-08-16 12:54:03.289613569 UTC: [Canister bkyz2-fmaaa-aaaaa-qaaaq-cai] [ERROR common::http::icp] resp size: 22190b
2023-08-16 12:54:03.289613569 UTC: [Canister bkyz2-fmaaa-aaaaa-qaaaq-cai] [WARN  ethereum_canister] Erc20 balance of instructions: 24198259
2023-08-16 12:54:03.289613569 UTC: [Canister bkyz2-fmaaa-aaaaa-qaaaq-cai] [WARN  ethereum_canister] Erc20 balance of balance diff: 17653983979
(620_109_389 : nat)
Canister status call result for ethereum_canister.
Status: Running
Controllers: bnz7o-iuaaa-aaaaa-qaaaa-cai k3aal-kmbpv-g4pme-jprzt-bakbj-pxslp-uwg6u-khbky-q7vdl-oicgj-nqe
Memory allocation: 0
Compute allocation: 0
Freezing threshold: 2_592_000
Memory Size: Nat(58693423)
Balance: 2_833_688_969_424 Cycles
Module hash: 0xc84e898a4c2cb259a397262c69dda26a5faa35b281c0303b972aae4337c3d857
Canister status call result for ethereum_canister.
Status: Running
Controllers: bnz7o-iuaaa-aaaaa-qaaaa-cai k3aal-kmbpv-g4pme-jprzt-bakbj-pxslp-uwg6u-khbky-q7vdl-oicgj-nqe
Memory allocation: 0
Compute allocation: 0
Freezing threshold: 2_592_000
Memory Size: Nat(58693423)
Balance: 2_833_688_868_194 Cycles
Module hash: 0xc84e898a4c2cb259a397262c69dda26a5faa35b281c0303b972aae4337c3d857
2023-08-16 12:54:07.150986254 UTC: [Canister bkyz2-fmaaa-aaaaa-qaaaq-cai] [ERROR common::http::icp] POST https://ethereum.publicnode.com
2023-08-16 12:54:07.150986254 UTC: [Canister bkyz2-fmaaa-aaaaa-qaaaq-cai] [ERROR common::http::icp] request size: 313
2023-08-16 12:54:08.826445224 UTC: [Canister bkyz2-fmaaa-aaaaa-qaaaq-cai] [ERROR common::http::icp] resp size: 281b
2023-08-16 12:54:08.826445224 UTC: [Canister bkyz2-fmaaa-aaaaa-qaaaq-cai] [ERROR common::http::icp] POST https://ethereum.publicnode.com
2023-08-16 12:54:08.826445224 UTC: [Canister bkyz2-fmaaa-aaaaa-qaaaq-cai] [ERROR common::http::icp] request size: 257
2023-08-16 12:54:08.826445224 UTC: [Canister bkyz2-fmaaa-aaaaa-qaaaq-cai] [ERROR common::http::icp] POST https://ethereum.publicnode.com
2023-08-16 12:54:08.826445224 UTC: [Canister bkyz2-fmaaa-aaaaa-qaaaq-cai] [ERROR common::http::icp] request size: 120
2023-08-16 12:54:08.826445224 UTC: [Canister bkyz2-fmaaa-aaaaa-qaaaq-cai] [ERROR common::http::icp] POST https://ethereum.publicnode.com
2023-08-16 12:54:08.826445224 UTC: [Canister bkyz2-fmaaa-aaaaa-qaaaq-cai] [ERROR common::http::icp] request size: 120
2023-08-16 12:54:08.826445224 UTC: [Canister bkyz2-fmaaa-aaaaa-qaaaq-cai] [ERROR common::http::icp] POST https://ethereum.publicnode.com
2023-08-16 12:54:08.826445224 UTC: [Canister bkyz2-fmaaa-aaaaa-qaaaq-cai] [ERROR common::http::icp] request size: 120
2023-08-16 12:54:10.475731211 UTC: [Canister bkyz2-fmaaa-aaaaa-qaaaq-cai] [ERROR common::http::icp] resp size: 7760b
2023-08-16 12:54:10.475731211 UTC: [Canister bkyz2-fmaaa-aaaaa-qaaaq-cai] [ERROR common::http::icp] POST https://ethereum.publicnode.com
2023-08-16 12:54:10.475731211 UTC: [Canister bkyz2-fmaaa-aaaaa-qaaaq-cai] [ERROR common::http::icp] request size: 116
2023-08-16 12:54:10.475731211 UTC: [Canister bkyz2-fmaaa-aaaaa-qaaaq-cai] [ERROR common::http::icp] resp size: 7713b
2023-08-16 12:54:10.475731211 UTC: [Canister bkyz2-fmaaa-aaaaa-qaaaq-cai] [ERROR common::http::icp] resp size: 19996b
2023-08-16 12:54:10.475731211 UTC: [Canister bkyz2-fmaaa-aaaaa-qaaaq-cai] [ERROR common::http::icp] POST https://ethereum.publicnode.com
2023-08-16 12:54:10.475731211 UTC: [Canister bkyz2-fmaaa-aaaaa-qaaaq-cai] [ERROR common::http::icp] request size: 116
2023-08-16 12:54:10.797194117 UTC: [Canister bkyz2-fmaaa-aaaaa-qaaaq-cai] [ERROR common::http::icp] resp size: 7841b
2023-08-16 12:54:12.262428763 UTC: [Canister bkyz2-fmaaa-aaaaa-qaaaq-cai] [ERROR common::http::icp] resp size: 22190b
2023-08-16 12:54:12.262428763 UTC: [Canister bkyz2-fmaaa-aaaaa-qaaaq-cai] [ERROR common::http::icp] resp size: 22190b
2023-08-16 12:54:12.262428763 UTC: [Canister bkyz2-fmaaa-aaaaa-qaaaq-cai] [ERROR common::http::icp] POST https://ethereum.publicnode.com
2023-08-16 12:54:12.262428763 UTC: [Canister bkyz2-fmaaa-aaaaa-qaaaq-cai] [ERROR common::http::icp] request size: 188
2023-08-16 12:54:13.978996931 UTC: [Canister bkyz2-fmaaa-aaaaa-qaaaq-cai] [ERROR common::http::icp] resp size: 13841b
2023-08-16 12:54:13.978996931 UTC: [Canister bkyz2-fmaaa-aaaaa-qaaaq-cai] [ERROR common::http::icp] POST https://ethereum.publicnode.com
2023-08-16 12:54:13.978996931 UTC: [Canister bkyz2-fmaaa-aaaaa-qaaaq-cai] [ERROR common::http::icp] request size: 116
2023-08-16 12:54:16.420535462 UTC: [Canister bkyz2-fmaaa-aaaaa-qaaaq-cai] [ERROR common::http::icp] resp size: 22190b
2023-08-16 12:54:16.420535462 UTC: [Canister bkyz2-fmaaa-aaaaa-qaaaq-cai] [ERROR common::http::icp] POST https://ethereum.publicnode.com
2023-08-16 12:54:16.420535462 UTC: [Canister bkyz2-fmaaa-aaaaa-qaaaq-cai] [ERROR common::http::icp] request size: 257
2023-08-16 12:54:17.780474446 UTC: [Canister bkyz2-fmaaa-aaaaa-qaaaq-cai] [ERROR common::http::icp] resp size: 19996b
2023-08-16 12:54:17.780474446 UTC: [Canister bkyz2-fmaaa-aaaaa-qaaaq-cai] [ERROR common::http::icp] POST https://ethereum.publicnode.com
2023-08-16 12:54:17.780474446 UTC: [Canister bkyz2-fmaaa-aaaaa-qaaaq-cai] [ERROR common::http::icp] request size: 116
2023-08-16 12:54:19.950759857 UTC: [Canister bkyz2-fmaaa-aaaaa-qaaaq-cai] [ERROR common::http::icp] resp size: 22190b
2023-08-16 12:54:19.950759857 UTC: [Canister bkyz2-fmaaa-aaaaa-qaaaq-cai] [WARN  ethereum_canister] Erc20 balance of instructions: 24198800
2023-08-16 12:54:19.950759857 UTC: [Canister bkyz2-fmaaa-aaaaa-qaaaq-cai] [WARN  ethereum_canister] Erc20 balance of balance diff: 17653989843
(620_109_389 : nat)
Canister status call result for ethereum_canister.
Status: Running
Controllers: bnz7o-iuaaa-aaaaa-qaaaa-cai k3aal-kmbpv-g4pme-jprzt-bakbj-pxslp-uwg6u-khbky-q7vdl-oicgj-nqe
Memory allocation: 0
Compute allocation: 0
Freezing threshold: 2_592_000
Memory Size: Nat(58693423)
Balance: 2_816_033_862_418 Cycles
Module hash: 0xc84e898a4c2cb259a397262c69dda26a5faa35b281c0303b972aae4337c3d857
Canister status call result for ethereum_canister.
Status: Running
Controllers: bnz7o-iuaaa-aaaaa-qaaaa-cai k3aal-kmbpv-g4pme-jprzt-bakbj-pxslp-uwg6u-khbky-q7vdl-oicgj-nqe
Memory allocation: 0
Compute allocation: 0
Freezing threshold: 2_592_000
Memory Size: Nat(58693423)
Balance: 2_816_033_761_188 Cycles
Module hash: 0xc84e898a4c2cb259a397262c69dda26a5faa35b281c0303b972aae4337c3d857
2023-08-16 12:54:24.404286646 UTC: [Canister bkyz2-fmaaa-aaaaa-qaaaq-cai] [ERROR common::http::icp] POST https://ethereum.publicnode.com
2023-08-16 12:54:24.404286646 UTC: [Canister bkyz2-fmaaa-aaaaa-qaaaq-cai] [ERROR common::http::icp] request size: 313
2023-08-16 12:54:30.408663942 UTC: [Canister bkyz2-fmaaa-aaaaa-qaaaq-cai] [ERROR common::http::icp] resp size: 281b
2023-08-16 12:54:30.408663942 UTC: [Canister bkyz2-fmaaa-aaaaa-qaaaq-cai] [ERROR common::http::icp] POST https://ethereum.publicnode.com
2023-08-16 12:54:30.408663942 UTC: [Canister bkyz2-fmaaa-aaaaa-qaaaq-cai] [ERROR common::http::icp] request size: 257
2023-08-16 12:54:30.408663942 UTC: [Canister bkyz2-fmaaa-aaaaa-qaaaq-cai] [ERROR common::http::icp] POST https://ethereum.publicnode.com
2023-08-16 12:54:30.408663942 UTC: [Canister bkyz2-fmaaa-aaaaa-qaaaq-cai] [ERROR common::http::icp] request size: 120
2023-08-16 12:54:30.408663942 UTC: [Canister bkyz2-fmaaa-aaaaa-qaaaq-cai] [ERROR common::http::icp] POST https://ethereum.publicnode.com
2023-08-16 12:54:30.408663942 UTC: [Canister bkyz2-fmaaa-aaaaa-qaaaq-cai] [ERROR common::http::icp] request size: 120
2023-08-16 12:54:30.408663942 UTC: [Canister bkyz2-fmaaa-aaaaa-qaaaq-cai] [ERROR common::http::icp] POST https://ethereum.publicnode.com
2023-08-16 12:54:30.408663942 UTC: [Canister bkyz2-fmaaa-aaaaa-qaaaq-cai] [ERROR common::http::icp] request size: 120
2023-08-16 12:54:32.134682017 UTC: [Canister bkyz2-fmaaa-aaaaa-qaaaq-cai] [ERROR common::http::icp] resp size: 7841b
2023-08-16 12:54:32.134682017 UTC: [Canister bkyz2-fmaaa-aaaaa-qaaaq-cai] [ERROR common::http::icp] resp size: 7760b
2023-08-16 12:54:32.134682017 UTC: [Canister bkyz2-fmaaa-aaaaa-qaaaq-cai] [ERROR common::http::icp] POST https://ethereum.publicnode.com
2023-08-16 12:54:32.134682017 UTC: [Canister bkyz2-fmaaa-aaaaa-qaaaq-cai] [ERROR common::http::icp] request size: 116
2023-08-16 12:54:32.134682017 UTC: [Canister bkyz2-fmaaa-aaaaa-qaaaq-cai] [ERROR common::http::icp] resp size: 19996b
2023-08-16 12:54:32.134682017 UTC: [Canister bkyz2-fmaaa-aaaaa-qaaaq-cai] [ERROR common::http::icp] POST https://ethereum.publicnode.com
2023-08-16 12:54:32.134682017 UTC: [Canister bkyz2-fmaaa-aaaaa-qaaaq-cai] [ERROR common::http::icp] request size: 116
2023-08-16 12:54:32.500059597 UTC: [Canister bkyz2-fmaaa-aaaaa-qaaaq-cai] [ERROR common::http::icp] resp size: 7713b
2023-08-16 12:54:33.959758518 UTC: [Canister bkyz2-fmaaa-aaaaa-qaaaq-cai] [ERROR common::http::icp] resp size: 22190b
2023-08-16 12:54:34.316185024 UTC: [Canister bkyz2-fmaaa-aaaaa-qaaaq-cai] [ERROR common::http::icp] resp size: 22190b
2023-08-16 12:54:34.316185024 UTC: [Canister bkyz2-fmaaa-aaaaa-qaaaq-cai] [ERROR common::http::icp] POST https://ethereum.publicnode.com
2023-08-16 12:54:34.316185024 UTC: [Canister bkyz2-fmaaa-aaaaa-qaaaq-cai] [ERROR common::http::icp] request size: 188
2023-08-16 12:54:36.573802873 UTC: [Canister bkyz2-fmaaa-aaaaa-qaaaq-cai] [ERROR common::http::icp] resp size: 13841b
2023-08-16 12:54:36.573802873 UTC: [Canister bkyz2-fmaaa-aaaaa-qaaaq-cai] [ERROR common::http::icp] POST https://ethereum.publicnode.com
2023-08-16 12:54:36.573802873 UTC: [Canister bkyz2-fmaaa-aaaaa-qaaaq-cai] [ERROR common::http::icp] request size: 116
2023-08-16 12:54:38.438724009 UTC: [Canister bkyz2-fmaaa-aaaaa-qaaaq-cai] [ERROR common::http::icp] resp size: 22190b
2023-08-16 12:54:38.438724009 UTC: [Canister bkyz2-fmaaa-aaaaa-qaaaq-cai] [ERROR common::http::icp] POST https://ethereum.publicnode.com
2023-08-16 12:54:38.438724009 UTC: [Canister bkyz2-fmaaa-aaaaa-qaaaq-cai] [ERROR common::http::icp] request size: 257
2023-08-16 12:54:40.288775439 UTC: [Canister bkyz2-fmaaa-aaaaa-qaaaq-cai] [ERROR common::http::icp] resp size: 19996b
2023-08-16 12:54:40.288775439 UTC: [Canister bkyz2-fmaaa-aaaaa-qaaaq-cai] [ERROR common::http::icp] POST https://ethereum.publicnode.com
2023-08-16 12:54:40.288775439 UTC: [Canister bkyz2-fmaaa-aaaaa-qaaaq-cai] [ERROR common::http::icp] request size: 116
2023-08-16 12:54:42.233750264 UTC: [Canister bkyz2-fmaaa-aaaaa-qaaaq-cai] [ERROR common::http::icp] resp size: 22190b
2023-08-16 12:54:42.233750264 UTC: [Canister bkyz2-fmaaa-aaaaa-qaaaq-cai] [WARN  ethereum_canister] Erc20 balance of instructions: 24182818
2023-08-16 12:54:42.233750264 UTC: [Canister bkyz2-fmaaa-aaaaa-qaaaq-cai] [WARN  ethereum_canister] Erc20 balance of balance diff: 17653993991
(620_109_389 : nat)
Canister status call result for ethereum_canister.
Status: Running
Controllers: bnz7o-iuaaa-aaaaa-qaaaa-cai k3aal-kmbpv-g4pme-jprzt-bakbj-pxslp-uwg6u-khbky-q7vdl-oicgj-nqe
Memory allocation: 0
Compute allocation: 0
Freezing threshold: 2_592_000
Memory Size: Nat(58693423)
Balance: 2_798_378_757_080 Cycles
Module hash: 0xc84e898a4c2cb259a397262c69dda26a5faa35b281c0303b972aae4337c3d857
Canister status call result for ethereum_canister.
Status: Running
Controllers: bnz7o-iuaaa-aaaaa-qaaaa-cai k3aal-kmbpv-g4pme-jprzt-bakbj-pxslp-uwg6u-khbky-q7vdl-oicgj-nqe
Memory allocation: 0
Compute allocation: 0
Freezing threshold: 2_592_000
Memory Size: Nat(58693423)
Balance: 2_798_378_655_850 Cycles
Module hash: 0xc84e898a4c2cb259a397262c69dda26a5faa35b281c0303b972aae4337c3d857
2023-08-16 12:54:46.875269904 UTC: [Canister bkyz2-fmaaa-aaaaa-qaaaq-cai] [ERROR common::http::icp] POST https://ethereum.publicnode.com
2023-08-16 12:54:46.875269904 UTC: [Canister bkyz2-fmaaa-aaaaa-qaaaq-cai] [ERROR common::http::icp] request size: 313
2023-08-16 12:54:48.649069152 UTC: [Canister bkyz2-fmaaa-aaaaa-qaaaq-cai] [ERROR common::http::icp] resp size: 281b
2023-08-16 12:54:48.649069152 UTC: [Canister bkyz2-fmaaa-aaaaa-qaaaq-cai] [ERROR common::http::icp] POST https://ethereum.publicnode.com
2023-08-16 12:54:48.649069152 UTC: [Canister bkyz2-fmaaa-aaaaa-qaaaq-cai] [ERROR common::http::icp] request size: 257
2023-08-16 12:54:48.649069152 UTC: [Canister bkyz2-fmaaa-aaaaa-qaaaq-cai] [ERROR common::http::icp] POST https://ethereum.publicnode.com
2023-08-16 12:54:48.649069152 UTC: [Canister bkyz2-fmaaa-aaaaa-qaaaq-cai] [ERROR common::http::icp] request size: 120
2023-08-16 12:54:48.649069152 UTC: [Canister bkyz2-fmaaa-aaaaa-qaaaq-cai] [ERROR common::http::icp] POST https://ethereum.publicnode.com
2023-08-16 12:54:48.649069152 UTC: [Canister bkyz2-fmaaa-aaaaa-qaaaq-cai] [ERROR common::http::icp] request size: 120
2023-08-16 12:54:48.649069152 UTC: [Canister bkyz2-fmaaa-aaaaa-qaaaq-cai] [ERROR common::http::icp] POST https://ethereum.publicnode.com
2023-08-16 12:54:48.649069152 UTC: [Canister bkyz2-fmaaa-aaaaa-qaaaq-cai] [ERROR common::http::icp] request size: 120
2023-08-16 12:54:50.432474834 UTC: [Canister bkyz2-fmaaa-aaaaa-qaaaq-cai] [ERROR common::http::icp] resp size: 7841b
2023-08-16 12:54:50.432474834 UTC: [Canister bkyz2-fmaaa-aaaaa-qaaaq-cai] [ERROR common::http::icp] resp size: 7713b
2023-08-16 12:54:50.432474834 UTC: [Canister bkyz2-fmaaa-aaaaa-qaaaq-cai] [ERROR common::http::icp] resp size: 19996b
2023-08-16 12:54:50.432474834 UTC: [Canister bkyz2-fmaaa-aaaaa-qaaaq-cai] [ERROR common::http::icp] POST https://ethereum.publicnode.com
2023-08-16 12:54:50.432474834 UTC: [Canister bkyz2-fmaaa-aaaaa-qaaaq-cai] [ERROR common::http::icp] request size: 116
2023-08-16 12:54:51.035661251 UTC: [Canister bkyz2-fmaaa-aaaaa-qaaaq-cai] [ERROR common::http::icp] resp size: 7760b
2023-08-16 12:54:51.035661251 UTC: [Canister bkyz2-fmaaa-aaaaa-qaaaq-cai] [ERROR common::http::icp] POST https://ethereum.publicnode.com
2023-08-16 12:54:51.035661251 UTC: [Canister bkyz2-fmaaa-aaaaa-qaaaq-cai] [ERROR common::http::icp] request size: 116
2023-08-16 12:54:52.275178866 UTC: [Canister bkyz2-fmaaa-aaaaa-qaaaq-cai] [ERROR common::http::icp] resp size: 22190b
2023-08-16 12:54:52.574375730 UTC: [Canister bkyz2-fmaaa-aaaaa-qaaaq-cai] [ERROR common::http::icp] resp size: 22190b
2023-08-16 12:54:52.574375730 UTC: [Canister bkyz2-fmaaa-aaaaa-qaaaq-cai] [ERROR common::http::icp] POST https://ethereum.publicnode.com
2023-08-16 12:54:52.574375730 UTC: [Canister bkyz2-fmaaa-aaaaa-qaaaq-cai] [ERROR common::http::icp] request size: 188
2023-08-16 12:54:54.301370471 UTC: [Canister bkyz2-fmaaa-aaaaa-qaaaq-cai] [ERROR common::http::icp] resp size: 13841b
2023-08-16 12:54:54.301370471 UTC: [Canister bkyz2-fmaaa-aaaaa-qaaaq-cai] [ERROR common::http::icp] POST https://ethereum.publicnode.com
2023-08-16 12:54:54.301370471 UTC: [Canister bkyz2-fmaaa-aaaaa-qaaaq-cai] [ERROR common::http::icp] request size: 116
2023-08-16 12:54:56.211422643 UTC: [Canister bkyz2-fmaaa-aaaaa-qaaaq-cai] [ERROR common::http::icp] resp size: 22190b
2023-08-16 12:54:56.211422643 UTC: [Canister bkyz2-fmaaa-aaaaa-qaaaq-cai] [ERROR common::http::icp] POST https://ethereum.publicnode.com
2023-08-16 12:54:56.211422643 UTC: [Canister bkyz2-fmaaa-aaaaa-qaaaq-cai] [ERROR common::http::icp] request size: 257
2023-08-16 12:54:58.134855741 UTC: [Canister bkyz2-fmaaa-aaaaa-qaaaq-cai] [ERROR common::http::icp] resp size: 19996b
2023-08-16 12:54:58.134855741 UTC: [Canister bkyz2-fmaaa-aaaaa-qaaaq-cai] [ERROR common::http::icp] POST https://ethereum.publicnode.com
2023-08-16 12:54:58.134855741 UTC: [Canister bkyz2-fmaaa-aaaaa-qaaaq-cai] [ERROR common::http::icp] request size: 116
2023-08-16 12:55:00.073444987 UTC: [Canister bkyz2-fmaaa-aaaaa-qaaaq-cai] [ERROR common::http::icp] resp size: 22190b
2023-08-16 12:55:00.073444987 UTC: [Canister bkyz2-fmaaa-aaaaa-qaaaq-cai] [WARN  ethereum_canister] Erc20 balance of instructions: 24197813
2023-08-16 12:55:00.073444987 UTC: [Canister bkyz2-fmaaa-aaaaa-qaaaq-cai] [WARN  ethereum_canister] Erc20 balance of balance diff: 17653995034
(620_109_389 : nat)
Canister status call result for ethereum_canister.
Status: Running
Controllers: bnz7o-iuaaa-aaaaa-qaaaa-cai k3aal-kmbpv-g4pme-jprzt-bakbj-pxslp-uwg6u-khbky-q7vdl-oicgj-nqe
Memory allocation: 0
Compute allocation: 0
Freezing threshold: 2_592_000
Memory Size: Nat(58693423)
Balance: 2_780_723_650_266 Cycles
Module hash: 0xc84e898a4c2cb259a397262c69dda26a5faa35b281c0303b972aae4337c3d857
Canister status call result for ethereum_canister.
Status: Running
Controllers: bnz7o-iuaaa-aaaaa-qaaaa-cai k3aal-kmbpv-g4pme-jprzt-bakbj-pxslp-uwg6u-khbky-q7vdl-oicgj-nqe
Memory allocation: 0
Compute allocation: 0
Freezing threshold: 2_592_000
Memory Size: Nat(58693423)
Balance: 2_780_723_549_036 Cycles
Module hash: 0xc84e898a4c2cb259a397262c69dda26a5faa35b281c0303b972aae4337c3d857
2023-08-16 12:55:04.320294353 UTC: [Canister bkyz2-fmaaa-aaaaa-qaaaq-cai] [ERROR common::http::icp] POST https://ethereum.publicnode.com
2023-08-16 12:55:04.320294353 UTC: [Canister bkyz2-fmaaa-aaaaa-qaaaq-cai] [ERROR common::http::icp] request size: 313
2023-08-16 12:55:06.057646614 UTC: [Canister bkyz2-fmaaa-aaaaa-qaaaq-cai] [ERROR common::http::icp] resp size: 281b
2023-08-16 12:55:06.057646614 UTC: [Canister bkyz2-fmaaa-aaaaa-qaaaq-cai] [ERROR common::http::icp] POST https://ethereum.publicnode.com
2023-08-16 12:55:06.057646614 UTC: [Canister bkyz2-fmaaa-aaaaa-qaaaq-cai] [ERROR common::http::icp] request size: 257
2023-08-16 12:55:06.057646614 UTC: [Canister bkyz2-fmaaa-aaaaa-qaaaq-cai] [ERROR common::http::icp] POST https://ethereum.publicnode.com
2023-08-16 12:55:06.057646614 UTC: [Canister bkyz2-fmaaa-aaaaa-qaaaq-cai] [ERROR common::http::icp] request size: 120
2023-08-16 12:55:06.057646614 UTC: [Canister bkyz2-fmaaa-aaaaa-qaaaq-cai] [ERROR common::http::icp] POST https://ethereum.publicnode.com
2023-08-16 12:55:06.057646614 UTC: [Canister bkyz2-fmaaa-aaaaa-qaaaq-cai] [ERROR common::http::icp] request size: 120
2023-08-16 12:55:06.057646614 UTC: [Canister bkyz2-fmaaa-aaaaa-qaaaq-cai] [ERROR common::http::icp] POST https://ethereum.publicnode.com
2023-08-16 12:55:06.057646614 UTC: [Canister bkyz2-fmaaa-aaaaa-qaaaq-cai] [ERROR common::http::icp] request size: 120
2023-08-16 12:55:07.484921205 UTC: [Canister bkyz2-fmaaa-aaaaa-qaaaq-cai] [ERROR common::http::icp] resp size: 7841b
2023-08-16 12:55:07.484921205 UTC: [Canister bkyz2-fmaaa-aaaaa-qaaaq-cai] [ERROR common::http::icp] resp size: 7760b
2023-08-16 12:55:07.484921205 UTC: [Canister bkyz2-fmaaa-aaaaa-qaaaq-cai] [ERROR common::http::icp] POST https://ethereum.publicnode.com
2023-08-16 12:55:07.484921205 UTC: [Canister bkyz2-fmaaa-aaaaa-qaaaq-cai] [ERROR common::http::icp] request size: 116
2023-08-16 12:55:07.484921205 UTC: [Canister bkyz2-fmaaa-aaaaa-qaaaq-cai] [ERROR common::http::icp] resp size: 7713b
2023-08-16 12:55:07.484921205 UTC: [Canister bkyz2-fmaaa-aaaaa-qaaaq-cai] [ERROR common::http::icp] resp size: 19996b
2023-08-16 12:55:07.484921205 UTC: [Canister bkyz2-fmaaa-aaaaa-qaaaq-cai] [ERROR common::http::icp] POST https://ethereum.publicnode.com
2023-08-16 12:55:07.484921205 UTC: [Canister bkyz2-fmaaa-aaaaa-qaaaq-cai] [ERROR common::http::icp] request size: 116
2023-08-16 12:55:09.184197630 UTC: [Canister bkyz2-fmaaa-aaaaa-qaaaq-cai] [ERROR common::http::icp] resp size: 22190b
2023-08-16 12:55:09.184197630 UTC: [Canister bkyz2-fmaaa-aaaaa-qaaaq-cai] [ERROR common::http::icp] resp size: 22190b
2023-08-16 12:55:09.184197630 UTC: [Canister bkyz2-fmaaa-aaaaa-qaaaq-cai] [ERROR common::http::icp] POST https://ethereum.publicnode.com
2023-08-16 12:55:09.184197630 UTC: [Canister bkyz2-fmaaa-aaaaa-qaaaq-cai] [ERROR common::http::icp] request size: 188
2023-08-16 12:55:10.909079359 UTC: [Canister bkyz2-fmaaa-aaaaa-qaaaq-cai] [ERROR common::http::icp] resp size: 13841b
2023-08-16 12:55:10.909079359 UTC: [Canister bkyz2-fmaaa-aaaaa-qaaaq-cai] [ERROR common::http::icp] POST https://ethereum.publicnode.com
2023-08-16 12:55:10.909079359 UTC: [Canister bkyz2-fmaaa-aaaaa-qaaaq-cai] [ERROR common::http::icp] request size: 116
2023-08-16 12:55:12.934347012 UTC: [Canister bkyz2-fmaaa-aaaaa-qaaaq-cai] [ERROR common::http::icp] resp size: 22190b
2023-08-16 12:55:12.934347012 UTC: [Canister bkyz2-fmaaa-aaaaa-qaaaq-cai] [ERROR common::http::icp] POST https://ethereum.publicnode.com
2023-08-16 12:55:12.934347012 UTC: [Canister bkyz2-fmaaa-aaaaa-qaaaq-cai] [ERROR common::http::icp] request size: 257
2023-08-16 12:55:14.532879284 UTC: [Canister bkyz2-fmaaa-aaaaa-qaaaq-cai] [ERROR common::http::icp] resp size: 19996b
2023-08-16 12:55:14.532879284 UTC: [Canister bkyz2-fmaaa-aaaaa-qaaaq-cai] [ERROR common::http::icp] POST https://ethereum.publicnode.com
2023-08-16 12:55:14.532879284 UTC: [Canister bkyz2-fmaaa-aaaaa-qaaaq-cai] [ERROR common::http::icp] request size: 116
2023-08-16 12:55:15.973192787 UTC: [Canister bkyz2-fmaaa-aaaaa-qaaaq-cai] [ERROR common::http::icp] resp size: 22190b
2023-08-16 12:55:15.973192787 UTC: [Canister bkyz2-fmaaa-aaaaa-qaaaq-cai] [WARN  ethereum_canister] Erc20 balance of instructions: 24195000
2023-08-16 12:55:15.973192787 UTC: [Canister bkyz2-fmaaa-aaaaa-qaaaq-cai] [WARN  ethereum_canister] Erc20 balance of balance diff: 17653986173
(620_109_389 : nat)
Canister status call result for ethereum_canister.
Status: Running
Controllers: bnz7o-iuaaa-aaaaa-qaaaa-cai k3aal-kmbpv-g4pme-jprzt-bakbj-pxslp-uwg6u-khbky-q7vdl-oicgj-nqe
Memory allocation: 0
Compute allocation: 0
Freezing threshold: 2_592_000
Memory Size: Nat(58693423)
Balance: 2_763_068_552_377 Cycles
Module hash: 0xc84e898a4c2cb259a397262c69dda26a5faa35b281c0303b972aae4337c3d857
