Running dfx start for version 0.14.3
Using the default definition for the 'local' shared network because /home/zwolin/.config/dfx/networks.json does not exist.
Initialized replica.
Dashboard: http://localhost:42561/_/dashboard
Deploying all canisters.
Creating a wallet canister on the local network.
The wallet canister on the "local" network for user "zwolin2" is "bnz7o-iuaaa-aaaaa-qaaaa-cai"
Creating canisters...
Creating canister ethereum_canister...
ethereum_canister canister created with canister id: bkyz2-fmaaa-aaaaa-qaaaq-cai
Building canisters...
Checking for vulnerabilities in rust canisters.
[0m[0m[1m[32m    Fetching[0m advisory database from `https://github.com/RustSec/advisory-db.git`
[0m[0m[1m[32m      Loaded[0m 558 security advisories (from /home/zwolin/.cargo/advisory-db)
[0m[0m[1m[32m    Updating[0m crates.io index
[0m[0m[1m[32m    Scanning[0m Cargo.lock for vulnerabilities (440 crate dependencies)
Audit found no vulnerabilities.
Executing: cargo build --target wasm32-unknown-unknown --release -p ethereum_canister --locked
warning: method `start_advance_thread` is never used
   --> /data/eiger/icp/helios/client/src/client.rs:362:8
    |
247 | impl<DB: Database> Client<DB> {
    | ----------------------------- method in this implementation
...
362 |     fn start_advance_thread(&self) {
    |        ^^^^^^^^^^^^^^^^^^^^
    |
    = note: `#[warn(dead_code)]` on by default

warning: `client` (lib) generated 1 warning
   Compiling ethereum_canister v0.1.0 (/data/eiger/icp/ethereum-canister/src/ethereum-canister)
    Finished release [optimized] target(s) in 23.70s
Installing canisters...
Creating UI canister on the local network.
The UI canister on the "local" network is "bd3sg-teaaa-aaaaa-qaaba-cai"
Installing code for canister ethereum_canister, with canister ID bkyz2-fmaaa-aaaaa-qaaaq-cai
Deployed canisters.
URLs:
  Backend canister via Candid interface:
    ethereum_canister: http://127.0.0.1:4943/?canisterId=bd3sg-teaaa-aaaaa-qaaba-cai&id=bkyz2-fmaaa-aaaaa-qaaaq-cai
2023-08-18 21:58:22.014952789 UTC: [Canister bkyz2-fmaaa-aaaaa-qaaaq-cai] [ERROR common::http::icp] GET https://beacon-nd-995-871-887.p2pify.com:443/c9dce41bab3e120f541e4ffb748efa60/eth/v1/beacon/headers/finalized
2023-08-18 21:58:23.565561313 UTC: [Canister bkyz2-fmaaa-aaaaa-qaaaq-cai] [ERROR common::http::icp] resp size: 653b
2023-08-18 21:58:23.565561313 UTC: [Canister bkyz2-fmaaa-aaaaa-qaaaq-cai] [ERROR common::http::icp] POST https://ethereum.publicnode.com
2023-08-18 21:58:23.565561313 UTC: [Canister bkyz2-fmaaa-aaaaa-qaaaq-cai] [ERROR common::http::icp] request size: 61
2023-08-18 21:58:24.978016154 UTC: [Canister bkyz2-fmaaa-aaaaa-qaaaq-cai] [ERROR common::http::icp] resp size: 40b
2023-08-18 21:58:24.978016154 UTC: [Canister bkyz2-fmaaa-aaaaa-qaaaq-cai] [ERROR common::http::icp] GET https://beacon-nd-995-871-887.p2pify.com:443/c9dce41bab3e120f541e4ffb748efa60/eth/v1/config/spec
2023-08-18 21:58:26.466621912 UTC: [Canister bkyz2-fmaaa-aaaaa-qaaaq-cai] [ERROR common::http::icp] resp size: 3874b
2023-08-18 21:58:26.466621912 UTC: [Canister bkyz2-fmaaa-aaaaa-qaaaq-cai] [ERROR common::http::icp] GET https://beacon-nd-995-871-887.p2pify.com:443/c9dce41bab3e120f541e4ffb748efa60/eth/v1/beacon/light_client/bootstrap/0x57dd7ef2234cc554c019292760a449e63b0a2c8d123e716eb8b685502eb57322
2023-08-18 21:58:27.984304709 UTC: [Canister bkyz2-fmaaa-aaaaa-qaaaq-cai] [ERROR common::http::icp] resp size: 54254b
2023-08-18 21:58:27.984304709 UTC: [Canister bkyz2-fmaaa-aaaaa-qaaaq-cai] [ERROR common::http::icp] GET https://beacon-nd-995-871-887.p2pify.com:443/c9dce41bab3e120f541e4ffb748efa60/eth/v1/beacon/light_client/updates?start_period=870&count=128
2023-08-18 21:58:29.036682476 UTC: [Canister bkyz2-fmaaa-aaaaa-qaaaq-cai] [ERROR common::http::icp] resp size: 57135b
2023-08-18 21:58:29.036682476 UTC: [Canister bkyz2-fmaaa-aaaaa-qaaaq-cai] [ERROR common::http::icp] GET https://beacon-nd-995-871-887.p2pify.com:443/c9dce41bab3e120f541e4ffb748efa60/eth/v1/beacon/light_client/finality_update
2023-08-18 21:58:30.584056516 UTC: [Canister bkyz2-fmaaa-aaaaa-qaaaq-cai] [ERROR common::http::icp] resp size: 4868b
2023-08-18 21:58:30.584056516 UTC: [Canister bkyz2-fmaaa-aaaaa-qaaaq-cai] [ERROR common::http::icp] GET https://beacon-nd-995-871-887.p2pify.com:443/c9dce41bab3e120f541e4ffb748efa60/eth/v1/beacon/light_client/optimistic_update
2023-08-18 21:58:32.575794813 UTC: [Canister bkyz2-fmaaa-aaaaa-qaaaq-cai] [ERROR common::http::icp] resp size: 2450b
2023-08-18 21:58:32.575794813 UTC: [Canister bkyz2-fmaaa-aaaaa-qaaaq-cai] [ERROR common::http::icp] GET https://beacon-nd-995-871-887.p2pify.com:443/c9dce41bab3e120f541e4ffb748efa60/eth/v2/beacon/blocks/7130989
2023-08-18 21:58:34.734856558 UTC: [Canister bkyz2-fmaaa-aaaaa-qaaaq-cai] [ERROR common::http::icp] resp size: 202115b
2023-08-18 21:58:34.734856558 UTC: [Canister bkyz2-fmaaa-aaaaa-qaaaq-cai] [ERROR common::http::icp] GET https://beacon-nd-995-871-887.p2pify.com:443/c9dce41bab3e120f541e4ffb748efa60/eth/v2/beacon/blocks/7130912
2023-08-18 21:58:35.956763607 UTC: [Canister bkyz2-fmaaa-aaaaa-qaaaq-cai] [ERROR common::http::icp] resp size: 171084b
2023-08-18 21:58:35.956763607 UTC: [Canister bkyz2-fmaaa-aaaaa-qaaaq-cai] [ERROR common::http::icp] GET https://beacon-nd-995-871-887.p2pify.com:443/c9dce41bab3e120f541e4ffb748efa60/eth/v2/beacon/blocks/7130989
2023-08-18 21:58:38.210588344 UTC: [Canister bkyz2-fmaaa-aaaaa-qaaaq-cai] [ERROR common::http::icp] resp size: 202115b
2023-08-18 21:58:38.210588344 UTC: [Canister bkyz2-fmaaa-aaaaa-qaaaq-cai] [ERROR common::http::icp] GET https://beacon-nd-995-871-887.p2pify.com:443/c9dce41bab3e120f541e4ffb748efa60/eth/v2/beacon/blocks/7130988
2023-08-18 21:58:38.210588344 UTC: [Canister bkyz2-fmaaa-aaaaa-qaaaq-cai] [ERROR common::http::icp] GET https://beacon-nd-995-871-887.p2pify.com:443/c9dce41bab3e120f541e4ffb748efa60/eth/v2/beacon/blocks/7130987
2023-08-18 21:58:38.210588344 UTC: [Canister bkyz2-fmaaa-aaaaa-qaaaq-cai] [ERROR common::http::icp] GET https://beacon-nd-995-871-887.p2pify.com:443/c9dce41bab3e120f541e4ffb748efa60/eth/v2/beacon/blocks/7130986
2023-08-18 21:58:38.210588344 UTC: [Canister bkyz2-fmaaa-aaaaa-qaaaq-cai] [ERROR common::http::icp] GET https://beacon-nd-995-871-887.p2pify.com:443/c9dce41bab3e120f541e4ffb748efa60/eth/v2/beacon/blocks/7130985
2023-08-18 21:58:38.210588344 UTC: [Canister bkyz2-fmaaa-aaaaa-qaaaq-cai] [ERROR common::http::icp] GET https://beacon-nd-995-871-887.p2pify.com:443/c9dce41bab3e120f541e4ffb748efa60/eth/v2/beacon/blocks/7130984
2023-08-18 21:58:38.210588344 UTC: [Canister bkyz2-fmaaa-aaaaa-qaaaq-cai] [ERROR common::http::icp] GET https://beacon-nd-995-871-887.p2pify.com:443/c9dce41bab3e120f541e4ffb748efa60/eth/v2/beacon/blocks/7130983
2023-08-18 21:58:38.210588344 UTC: [Canister bkyz2-fmaaa-aaaaa-qaaaq-cai] [ERROR common::http::icp] GET https://beacon-nd-995-871-887.p2pify.com:443/c9dce41bab3e120f541e4ffb748efa60/eth/v2/beacon/blocks/7130982
2023-08-18 21:58:38.210588344 UTC: [Canister bkyz2-fmaaa-aaaaa-qaaaq-cai] [ERROR common::http::icp] GET https://beacon-nd-995-871-887.p2pify.com:443/c9dce41bab3e120f541e4ffb748efa60/eth/v2/beacon/blocks/7130981
2023-08-18 21:58:38.210588344 UTC: [Canister bkyz2-fmaaa-aaaaa-qaaaq-cai] [ERROR common::http::icp] GET https://beacon-nd-995-871-887.p2pify.com:443/c9dce41bab3e120f541e4ffb748efa60/eth/v2/beacon/blocks/7130980
2023-08-18 21:58:38.210588344 UTC: [Canister bkyz2-fmaaa-aaaaa-qaaaq-cai] [ERROR common::http::icp] GET https://beacon-nd-995-871-887.p2pify.com:443/c9dce41bab3e120f541e4ffb748efa60/eth/v2/beacon/blocks/7130979
2023-08-18 21:58:38.210588344 UTC: [Canister bkyz2-fmaaa-aaaaa-qaaaq-cai] [ERROR common::http::icp] GET https://beacon-nd-995-871-887.p2pify.com:443/c9dce41bab3e120f541e4ffb748efa60/eth/v2/beacon/blocks/7130978
2023-08-18 21:58:38.210588344 UTC: [Canister bkyz2-fmaaa-aaaaa-qaaaq-cai] [ERROR common::http::icp] GET https://beacon-nd-995-871-887.p2pify.com:443/c9dce41bab3e120f541e4ffb748efa60/eth/v2/beacon/blocks/7130977
2023-08-18 21:58:38.210588344 UTC: [Canister bkyz2-fmaaa-aaaaa-qaaaq-cai] [ERROR common::http::icp] GET https://beacon-nd-995-871-887.p2pify.com:443/c9dce41bab3e120f541e4ffb748efa60/eth/v2/beacon/blocks/7130976
2023-08-18 21:58:38.210588344 UTC: [Canister bkyz2-fmaaa-aaaaa-qaaaq-cai] [ERROR common::http::icp] GET https://beacon-nd-995-871-887.p2pify.com:443/c9dce41bab3e120f541e4ffb748efa60/eth/v2/beacon/blocks/7130975
2023-08-18 21:58:38.210588344 UTC: [Canister bkyz2-fmaaa-aaaaa-qaaaq-cai] [ERROR common::http::icp] GET https://beacon-nd-995-871-887.p2pify.com:443/c9dce41bab3e120f541e4ffb748efa60/eth/v2/beacon/blocks/7130974
2023-08-18 21:58:38.210588344 UTC: [Canister bkyz2-fmaaa-aaaaa-qaaaq-cai] [ERROR common::http::icp] GET https://beacon-nd-995-871-887.p2pify.com:443/c9dce41bab3e120f541e4ffb748efa60/eth/v2/beacon/blocks/7130973
2023-08-18 21:58:38.210588344 UTC: [Canister bkyz2-fmaaa-aaaaa-qaaaq-cai] [ERROR common::http::icp] GET https://beacon-nd-995-871-887.p2pify.com:443/c9dce41bab3e120f541e4ffb748efa60/eth/v2/beacon/blocks/7130972
2023-08-18 21:58:38.210588344 UTC: [Canister bkyz2-fmaaa-aaaaa-qaaaq-cai] [ERROR common::http::icp] GET https://beacon-nd-995-871-887.p2pify.com:443/c9dce41bab3e120f541e4ffb748efa60/eth/v2/beacon/blocks/7130971
2023-08-18 21:58:38.210588344 UTC: [Canister bkyz2-fmaaa-aaaaa-qaaaq-cai] [ERROR common::http::icp] GET https://beacon-nd-995-871-887.p2pify.com:443/c9dce41bab3e120f541e4ffb748efa60/eth/v2/beacon/blocks/7130970
2023-08-18 21:58:38.210588344 UTC: [Canister bkyz2-fmaaa-aaaaa-qaaaq-cai] [ERROR common::http::icp] GET https://beacon-nd-995-871-887.p2pify.com:443/c9dce41bab3e120f541e4ffb748efa60/eth/v2/beacon/blocks/7130969
2023-08-18 21:58:38.210588344 UTC: [Canister bkyz2-fmaaa-aaaaa-qaaaq-cai] [ERROR common::http::icp] GET https://beacon-nd-995-871-887.p2pify.com:443/c9dce41bab3e120f541e4ffb748efa60/eth/v2/beacon/blocks/7130968
2023-08-18 21:58:38.210588344 UTC: [Canister bkyz2-fmaaa-aaaaa-qaaaq-cai] [ERROR common::http::icp] GET https://beacon-nd-995-871-887.p2pify.com:443/c9dce41bab3e120f541e4ffb748efa60/eth/v2/beacon/blocks/7130967
2023-08-18 21:58:38.210588344 UTC: [Canister bkyz2-fmaaa-aaaaa-qaaaq-cai] [ERROR common::http::icp] GET https://beacon-nd-995-871-887.p2pify.com:443/c9dce41bab3e120f541e4ffb748efa60/eth/v2/beacon/blocks/7130966
2023-08-18 21:58:38.210588344 UTC: [Canister bkyz2-fmaaa-aaaaa-qaaaq-cai] [ERROR common::http::icp] GET https://beacon-nd-995-871-887.p2pify.com:443/c9dce41bab3e120f541e4ffb748efa60/eth/v2/beacon/blocks/7130965
2023-08-18 21:58:38.210588344 UTC: [Canister bkyz2-fmaaa-aaaaa-qaaaq-cai] [ERROR common::http::icp] GET https://beacon-nd-995-871-887.p2pify.com:443/c9dce41bab3e120f541e4ffb748efa60/eth/v2/beacon/blocks/7130964
2023-08-18 21:58:38.210588344 UTC: [Canister bkyz2-fmaaa-aaaaa-qaaaq-cai] [ERROR common::http::icp] GET https://beacon-nd-995-871-887.p2pify.com:443/c9dce41bab3e120f541e4ffb748efa60/eth/v2/beacon/blocks/7130963
2023-08-18 21:58:38.210588344 UTC: [Canister bkyz2-fmaaa-aaaaa-qaaaq-cai] [ERROR common::http::icp] GET https://beacon-nd-995-871-887.p2pify.com:443/c9dce41bab3e120f541e4ffb748efa60/eth/v2/beacon/blocks/7130962
2023-08-18 21:58:38.210588344 UTC: [Canister bkyz2-fmaaa-aaaaa-qaaaq-cai] [ERROR common::http::icp] GET https://beacon-nd-995-871-887.p2pify.com:443/c9dce41bab3e120f541e4ffb748efa60/eth/v2/beacon/blocks/7130961
2023-08-18 21:58:38.210588344 UTC: [Canister bkyz2-fmaaa-aaaaa-qaaaq-cai] [ERROR common::http::icp] GET https://beacon-nd-995-871-887.p2pify.com:443/c9dce41bab3e120f541e4ffb748efa60/eth/v2/beacon/blocks/7130960
2023-08-18 21:58:38.210588344 UTC: [Canister bkyz2-fmaaa-aaaaa-qaaaq-cai] [ERROR common::http::icp] GET https://beacon-nd-995-871-887.p2pify.com:443/c9dce41bab3e120f541e4ffb748efa60/eth/v2/beacon/blocks/7130959
2023-08-18 21:58:38.210588344 UTC: [Canister bkyz2-fmaaa-aaaaa-qaaaq-cai] [ERROR common::http::icp] GET https://beacon-nd-995-871-887.p2pify.com:443/c9dce41bab3e120f541e4ffb748efa60/eth/v2/beacon/blocks/7130958
2023-08-18 21:58:38.210588344 UTC: [Canister bkyz2-fmaaa-aaaaa-qaaaq-cai] [ERROR common::http::icp] GET https://beacon-nd-995-871-887.p2pify.com:443/c9dce41bab3e120f541e4ffb748efa60/eth/v2/beacon/blocks/7130957
2023-08-18 21:58:38.210588344 UTC: [Canister bkyz2-fmaaa-aaaaa-qaaaq-cai] [ERROR common::http::icp] GET https://beacon-nd-995-871-887.p2pify.com:443/c9dce41bab3e120f541e4ffb748efa60/eth/v2/beacon/blocks/7130956
2023-08-18 21:58:38.210588344 UTC: [Canister bkyz2-fmaaa-aaaaa-qaaaq-cai] [ERROR common::http::icp] GET https://beacon-nd-995-871-887.p2pify.com:443/c9dce41bab3e120f541e4ffb748efa60/eth/v2/beacon/blocks/7130955
2023-08-18 21:58:38.210588344 UTC: [Canister bkyz2-fmaaa-aaaaa-qaaaq-cai] [ERROR common::http::icp] GET https://beacon-nd-995-871-887.p2pify.com:443/c9dce41bab3e120f541e4ffb748efa60/eth/v2/beacon/blocks/7130954
2023-08-18 21:58:38.210588344 UTC: [Canister bkyz2-fmaaa-aaaaa-qaaaq-cai] [ERROR common::http::icp] GET https://beacon-nd-995-871-887.p2pify.com:443/c9dce41bab3e120f541e4ffb748efa60/eth/v2/beacon/blocks/7130953
2023-08-18 21:58:38.210588344 UTC: [Canister bkyz2-fmaaa-aaaaa-qaaaq-cai] [ERROR common::http::icp] GET https://beacon-nd-995-871-887.p2pify.com:443/c9dce41bab3e120f541e4ffb748efa60/eth/v2/beacon/blocks/7130952
2023-08-18 21:58:38.210588344 UTC: [Canister bkyz2-fmaaa-aaaaa-qaaaq-cai] [ERROR common::http::icp] GET https://beacon-nd-995-871-887.p2pify.com:443/c9dce41bab3e120f541e4ffb748efa60/eth/v2/beacon/blocks/7130951
2023-08-18 21:58:38.210588344 UTC: [Canister bkyz2-fmaaa-aaaaa-qaaaq-cai] [ERROR common::http::icp] GET https://beacon-nd-995-871-887.p2pify.com:443/c9dce41bab3e120f541e4ffb748efa60/eth/v2/beacon/blocks/7130950
2023-08-18 21:58:38.210588344 UTC: [Canister bkyz2-fmaaa-aaaaa-qaaaq-cai] [ERROR common::http::icp] GET https://beacon-nd-995-871-887.p2pify.com:443/c9dce41bab3e120f541e4ffb748efa60/eth/v2/beacon/blocks/7130949
2023-08-18 21:58:38.210588344 UTC: [Canister bkyz2-fmaaa-aaaaa-qaaaq-cai] [ERROR common::http::icp] GET https://beacon-nd-995-871-887.p2pify.com:443/c9dce41bab3e120f541e4ffb748efa60/eth/v2/beacon/blocks/7130948
2023-08-18 21:58:38.210588344 UTC: [Canister bkyz2-fmaaa-aaaaa-qaaaq-cai] [ERROR common::http::icp] GET https://beacon-nd-995-871-887.p2pify.com:443/c9dce41bab3e120f541e4ffb748efa60/eth/v2/beacon/blocks/7130947
2023-08-18 21:58:38.210588344 UTC: [Canister bkyz2-fmaaa-aaaaa-qaaaq-cai] [ERROR common::http::icp] GET https://beacon-nd-995-871-887.p2pify.com:443/c9dce41bab3e120f541e4ffb748efa60/eth/v2/beacon/blocks/7130946
2023-08-18 21:58:38.210588344 UTC: [Canister bkyz2-fmaaa-aaaaa-qaaaq-cai] [ERROR common::http::icp] GET https://beacon-nd-995-871-887.p2pify.com:443/c9dce41bab3e120f541e4ffb748efa60/eth/v2/beacon/blocks/7130945
2023-08-18 21:58:38.210588344 UTC: [Canister bkyz2-fmaaa-aaaaa-qaaaq-cai] [ERROR common::http::icp] GET https://beacon-nd-995-871-887.p2pify.com:443/c9dce41bab3e120f541e4ffb748efa60/eth/v2/beacon/blocks/7130944
2023-08-18 21:58:38.210588344 UTC: [Canister bkyz2-fmaaa-aaaaa-qaaaq-cai] [ERROR common::http::icp] GET https://beacon-nd-995-871-887.p2pify.com:443/c9dce41bab3e120f541e4ffb748efa60/eth/v2/beacon/blocks/7130943
2023-08-18 21:58:38.210588344 UTC: [Canister bkyz2-fmaaa-aaaaa-qaaaq-cai] [ERROR common::http::icp] GET https://beacon-nd-995-871-887.p2pify.com:443/c9dce41bab3e120f541e4ffb748efa60/eth/v2/beacon/blocks/7130942
2023-08-18 21:58:38.210588344 UTC: [Canister bkyz2-fmaaa-aaaaa-qaaaq-cai] [ERROR common::http::icp] GET https://beacon-nd-995-871-887.p2pify.com:443/c9dce41bab3e120f541e4ffb748efa60/eth/v2/beacon/blocks/7130941
2023-08-18 21:58:38.210588344 UTC: [Canister bkyz2-fmaaa-aaaaa-qaaaq-cai] [ERROR common::http::icp] GET https://beacon-nd-995-871-887.p2pify.com:443/c9dce41bab3e120f541e4ffb748efa60/eth/v2/beacon/blocks/7130940
2023-08-18 21:58:38.210588344 UTC: [Canister bkyz2-fmaaa-aaaaa-qaaaq-cai] [ERROR common::http::icp] GET https://beacon-nd-995-871-887.p2pify.com:443/c9dce41bab3e120f541e4ffb748efa60/eth/v2/beacon/blocks/7130939
2023-08-18 21:58:38.210588344 UTC: [Canister bkyz2-fmaaa-aaaaa-qaaaq-cai] [ERROR common::http::icp] GET https://beacon-nd-995-871-887.p2pify.com:443/c9dce41bab3e120f541e4ffb748efa60/eth/v2/beacon/blocks/7130938
2023-08-18 21:58:38.210588344 UTC: [Canister bkyz2-fmaaa-aaaaa-qaaaq-cai] [ERROR common::http::icp] GET https://beacon-nd-995-871-887.p2pify.com:443/c9dce41bab3e120f541e4ffb748efa60/eth/v2/beacon/blocks/7130937
2023-08-18 21:58:38.210588344 UTC: [Canister bkyz2-fmaaa-aaaaa-qaaaq-cai] [ERROR common::http::icp] GET https://beacon-nd-995-871-887.p2pify.com:443/c9dce41bab3e120f541e4ffb748efa60/eth/v2/beacon/blocks/7130936
2023-08-18 21:58:38.210588344 UTC: [Canister bkyz2-fmaaa-aaaaa-qaaaq-cai] [ERROR common::http::icp] GET https://beacon-nd-995-871-887.p2pify.com:443/c9dce41bab3e120f541e4ffb748efa60/eth/v2/beacon/blocks/7130935
2023-08-18 21:58:38.210588344 UTC: [Canister bkyz2-fmaaa-aaaaa-qaaaq-cai] [ERROR common::http::icp] GET https://beacon-nd-995-871-887.p2pify.com:443/c9dce41bab3e120f541e4ffb748efa60/eth/v2/beacon/blocks/7130934
2023-08-18 21:58:38.210588344 UTC: [Canister bkyz2-fmaaa-aaaaa-qaaaq-cai] [ERROR common::http::icp] GET https://beacon-nd-995-871-887.p2pify.com:443/c9dce41bab3e120f541e4ffb748efa60/eth/v2/beacon/blocks/7130933
2023-08-18 21:58:38.210588344 UTC: [Canister bkyz2-fmaaa-aaaaa-qaaaq-cai] [ERROR common::http::icp] GET https://beacon-nd-995-871-887.p2pify.com:443/c9dce41bab3e120f541e4ffb748efa60/eth/v2/beacon/blocks/7130932
2023-08-18 21:58:38.210588344 UTC: [Canister bkyz2-fmaaa-aaaaa-qaaaq-cai] [ERROR common::http::icp] GET https://beacon-nd-995-871-887.p2pify.com:443/c9dce41bab3e120f541e4ffb748efa60/eth/v2/beacon/blocks/7130931
2023-08-18 21:58:38.210588344 UTC: [Canister bkyz2-fmaaa-aaaaa-qaaaq-cai] [ERROR common::http::icp] GET https://beacon-nd-995-871-887.p2pify.com:443/c9dce41bab3e120f541e4ffb748efa60/eth/v2/beacon/blocks/7130930
2023-08-18 21:58:38.210588344 UTC: [Canister bkyz2-fmaaa-aaaaa-qaaaq-cai] [ERROR common::http::icp] GET https://beacon-nd-995-871-887.p2pify.com:443/c9dce41bab3e120f541e4ffb748efa60/eth/v2/beacon/blocks/7130929
2023-08-18 21:58:38.210588344 UTC: [Canister bkyz2-fmaaa-aaaaa-qaaaq-cai] [ERROR common::http::icp] GET https://beacon-nd-995-871-887.p2pify.com:443/c9dce41bab3e120f541e4ffb748efa60/eth/v2/beacon/blocks/7130928
2023-08-18 21:58:38.210588344 UTC: [Canister bkyz2-fmaaa-aaaaa-qaaaq-cai] [ERROR common::http::icp] GET https://beacon-nd-995-871-887.p2pify.com:443/c9dce41bab3e120f541e4ffb748efa60/eth/v2/beacon/blocks/7130927
2023-08-18 21:58:38.210588344 UTC: [Canister bkyz2-fmaaa-aaaaa-qaaaq-cai] [ERROR common::http::icp] GET https://beacon-nd-995-871-887.p2pify.com:443/c9dce41bab3e120f541e4ffb748efa60/eth/v2/beacon/blocks/7130926
2023-08-18 21:58:38.210588344 UTC: [Canister bkyz2-fmaaa-aaaaa-qaaaq-cai] [ERROR common::http::icp] GET https://beacon-nd-995-871-887.p2pify.com:443/c9dce41bab3e120f541e4ffb748efa60/eth/v2/beacon/blocks/7130925
2023-08-18 21:58:40.464464734 UTC: [Canister bkyz2-fmaaa-aaaaa-qaaaq-cai] [ERROR common::http::icp] resp size: 370439b
2023-08-18 21:58:40.593425759 UTC: [Canister bkyz2-fmaaa-aaaaa-qaaaq-cai] [ERROR common::http::icp] resp size: 176580b
2023-08-18 21:58:40.593425759 UTC: [Canister bkyz2-fmaaa-aaaaa-qaaaq-cai] [ERROR common::http::icp] resp size: 196137b
2023-08-18 21:58:40.593425759 UTC: [Canister bkyz2-fmaaa-aaaaa-qaaaq-cai] [ERROR common::http::icp] resp size: 195923b
2023-08-18 21:58:41.057007230 UTC: [Canister bkyz2-fmaaa-aaaaa-qaaaq-cai] [ERROR common::http::icp] resp size: 61b
2023-08-18 21:58:41.057007230 UTC: [Canister bkyz2-fmaaa-aaaaa-qaaaq-cai] [ERROR common::http::icp] resp size: 180460b
2023-08-18 21:58:41.057007230 UTC: [Canister bkyz2-fmaaa-aaaaa-qaaaq-cai] [ERROR common::http::icp] resp size: 432089b
2023-08-18 21:58:41.057007230 UTC: [Canister bkyz2-fmaaa-aaaaa-qaaaq-cai] [ERROR common::http::icp] resp size: 294443b
2023-08-18 21:58:41.057007230 UTC: [Canister bkyz2-fmaaa-aaaaa-qaaaq-cai] [ERROR common::http::icp] resp size: 178888b
2023-08-18 21:58:41.057007230 UTC: [Canister bkyz2-fmaaa-aaaaa-qaaaq-cai] [ERROR common::http::icp] resp size: 212557b
2023-08-18 21:58:41.057007230 UTC: [Canister bkyz2-fmaaa-aaaaa-qaaaq-cai] [ERROR common::http::icp] resp size: 410340b
2023-08-18 21:58:41.233206128 UTC: [Canister bkyz2-fmaaa-aaaaa-qaaaq-cai] [ERROR common::http::icp] resp size: 309120b
2023-08-18 21:58:41.233206128 UTC: [Canister bkyz2-fmaaa-aaaaa-qaaaq-cai] [ERROR common::http::icp] resp size: 197235b
2023-08-18 21:58:41.233206128 UTC: [Canister bkyz2-fmaaa-aaaaa-qaaaq-cai] [ERROR common::http::icp] resp size: 295858b
2023-08-18 21:58:41.233206128 UTC: [Canister bkyz2-fmaaa-aaaaa-qaaaq-cai] [ERROR common::http::icp] resp size: 193730b
2023-08-18 21:58:41.233206128 UTC: [Canister bkyz2-fmaaa-aaaaa-qaaaq-cai] [ERROR common::http::icp] resp size: 486740b
2023-08-18 21:58:41.421462485 UTC: [Canister bkyz2-fmaaa-aaaaa-qaaaq-cai] [ERROR common::http::icp] resp size: 398530b
2023-08-18 21:58:41.421462485 UTC: [Canister bkyz2-fmaaa-aaaaa-qaaaq-cai] [ERROR common::http::icp] resp size: 408677b
2023-08-18 21:58:41.421462485 UTC: [Canister bkyz2-fmaaa-aaaaa-qaaaq-cai] [ERROR common::http::icp] resp size: 172998b
2023-08-18 21:58:41.421462485 UTC: [Canister bkyz2-fmaaa-aaaaa-qaaaq-cai] [ERROR common::http::icp] resp size: 164232b
2023-08-18 21:58:41.421462485 UTC: [Canister bkyz2-fmaaa-aaaaa-qaaaq-cai] [ERROR common::http::icp] resp size: 288996b
2023-08-18 21:58:41.421462485 UTC: [Canister bkyz2-fmaaa-aaaaa-qaaaq-cai] [ERROR common::http::icp] resp size: 187464b
2023-08-18 21:58:41.604025771 UTC: [Canister bkyz2-fmaaa-aaaaa-qaaaq-cai] [ERROR common::http::icp] resp size: 330523b
2023-08-18 21:58:41.604025771 UTC: [Canister bkyz2-fmaaa-aaaaa-qaaaq-cai] [ERROR common::http::icp] resp size: 398023b
2023-08-18 21:58:41.604025771 UTC: [Canister bkyz2-fmaaa-aaaaa-qaaaq-cai] [ERROR common::http::icp] resp size: 525329b
2023-08-18 21:58:41.604025771 UTC: [Canister bkyz2-fmaaa-aaaaa-qaaaq-cai] [ERROR common::http::icp] resp size: 430812b
2023-08-18 21:58:41.810342544 UTC: [Canister bkyz2-fmaaa-aaaaa-qaaaq-cai] [ERROR common::http::icp] resp size: 386120b
2023-08-18 21:58:41.810342544 UTC: [Canister bkyz2-fmaaa-aaaaa-qaaaq-cai] [ERROR common::http::icp] resp size: 502681b
2023-08-18 21:58:41.810342544 UTC: [Canister bkyz2-fmaaa-aaaaa-qaaaq-cai] [ERROR common::http::icp] resp size: 224837b
2023-08-18 21:58:41.810342544 UTC: [Canister bkyz2-fmaaa-aaaaa-qaaaq-cai] [ERROR common::http::icp] resp size: 409898b
2023-08-18 21:58:42.027884821 UTC: [Canister bkyz2-fmaaa-aaaaa-qaaaq-cai] [ERROR common::http::icp] resp size: 189227b
2023-08-18 21:58:42.027884821 UTC: [Canister bkyz2-fmaaa-aaaaa-qaaaq-cai] [ERROR common::http::icp] resp size: 223569b
2023-08-18 21:58:42.027884821 UTC: [Canister bkyz2-fmaaa-aaaaa-qaaaq-cai] [ERROR common::http::icp] resp size: 224196b
2023-08-18 21:58:42.027884821 UTC: [Canister bkyz2-fmaaa-aaaaa-qaaaq-cai] [ERROR common::http::icp] resp size: 191558b
2023-08-18 21:58:42.027884821 UTC: [Canister bkyz2-fmaaa-aaaaa-qaaaq-cai] [ERROR common::http::icp] resp size: 540611b
2023-08-18 21:58:42.027884821 UTC: [Canister bkyz2-fmaaa-aaaaa-qaaaq-cai] [ERROR common::http::icp] resp size: 390090b
2023-08-18 21:58:42.475150876 UTC: [Canister bkyz2-fmaaa-aaaaa-qaaaq-cai] [ERROR common::http::icp] resp size: 319429b
2023-08-18 21:58:42.475150876 UTC: [Canister bkyz2-fmaaa-aaaaa-qaaaq-cai] [ERROR common::http::icp] resp size: 153628b
2023-08-18 21:58:42.475150876 UTC: [Canister bkyz2-fmaaa-aaaaa-qaaaq-cai] [ERROR common::http::icp] resp size: 271961b
2023-08-18 21:58:42.475150876 UTC: [Canister bkyz2-fmaaa-aaaaa-qaaaq-cai] [ERROR common::http::icp] resp size: 198483b
2023-08-18 21:58:42.475150876 UTC: [Canister bkyz2-fmaaa-aaaaa-qaaaq-cai] [ERROR common::http::icp] resp size: 349385b
2023-08-18 21:58:42.475150876 UTC: [Canister bkyz2-fmaaa-aaaaa-qaaaq-cai] [ERROR common::http::icp] resp size: 402711b
2023-08-18 21:58:42.917491281 UTC: [Canister bkyz2-fmaaa-aaaaa-qaaaq-cai] [ERROR common::http::icp] resp size: 500016b
2023-08-18 21:58:42.917491281 UTC: [Canister bkyz2-fmaaa-aaaaa-qaaaq-cai] [ERROR common::http::icp] resp size: 206726b
2023-08-18 21:58:42.917491281 UTC: [Canister bkyz2-fmaaa-aaaaa-qaaaq-cai] [ERROR common::http::icp] resp size: 322883b
2023-08-18 21:58:42.917491281 UTC: [Canister bkyz2-fmaaa-aaaaa-qaaaq-cai] [ERROR common::http::icp] resp size: 314086b
2023-08-18 21:58:42.917491281 UTC: [Canister bkyz2-fmaaa-aaaaa-qaaaq-cai] [ERROR common::http::icp] resp size: 172719b
2023-08-18 21:58:43.190245812 UTC: [Canister bkyz2-fmaaa-aaaaa-qaaaq-cai] [ERROR common::http::icp] resp size: 440347b
2023-08-18 21:58:43.190245812 UTC: [Canister bkyz2-fmaaa-aaaaa-qaaaq-cai] [ERROR common::http::icp] resp size: 797435b
2023-08-18 21:58:43.190245812 UTC: [Canister bkyz2-fmaaa-aaaaa-qaaaq-cai] [ERROR common::http::icp] resp size: 183468b
2023-08-18 21:58:43.190245812 UTC: [Canister bkyz2-fmaaa-aaaaa-qaaaq-cai] [ERROR common::http::icp] resp size: 193212b
2023-08-18 21:58:43.678422162 UTC: [Canister bkyz2-fmaaa-aaaaa-qaaaq-cai] [ERROR common::http::icp] resp size: 187571b
2023-08-18 21:58:43.678422162 UTC: [Canister bkyz2-fmaaa-aaaaa-qaaaq-cai] [ERROR common::http::icp] resp size: 290669b
2023-08-18 21:58:43.678422162 UTC: [Canister bkyz2-fmaaa-aaaaa-qaaaq-cai] [ERROR common::http::icp] resp size: 332459b
2023-08-18 21:58:43.678422162 UTC: [Canister bkyz2-fmaaa-aaaaa-qaaaq-cai] [ERROR common::http::icp] resp size: 416848b
2023-08-18 21:58:43.678422162 UTC: [Canister bkyz2-fmaaa-aaaaa-qaaaq-cai] [ERROR common::http::icp] resp size: 376658b
2023-08-18 21:58:44.328680258 UTC: [Canister bkyz2-fmaaa-aaaaa-qaaaq-cai] [ERROR common::http::icp] resp size: 232576b
2023-08-18 21:58:44.328680258 UTC: [Canister bkyz2-fmaaa-aaaaa-qaaaq-cai] [ERROR common::http::icp] resp size: 416470b
2023-08-18 21:58:44.328680258 UTC: [Canister bkyz2-fmaaa-aaaaa-qaaaq-cai] [ERROR common::http::icp] resp size: 416092b
2023-08-18 21:58:44.328680258 UTC: [Canister bkyz2-fmaaa-aaaaa-qaaaq-cai] [ERROR common::http::icp] resp size: 425954b
2023-08-18 21:58:44.729990879 UTC: [Canister bkyz2-fmaaa-aaaaa-qaaaq-cai] [ERROR common::http::icp] resp size: 598578b
2023-08-18 21:58:44.729990879 UTC: [Canister bkyz2-fmaaa-aaaaa-qaaaq-cai] [ERROR common::http::icp] resp size: 205247b
2023-08-18 21:58:44.729990879 UTC: [Canister bkyz2-fmaaa-aaaaa-qaaaq-cai] [ERROR common::http::icp] resp size: 323006b
2023-08-18 21:58:44.729990879 UTC: [Canister bkyz2-fmaaa-aaaaa-qaaaq-cai] [ERROR common::http::icp] resp size: 369242b
2023-08-18 21:58:44.729990879 UTC: [Canister bkyz2-fmaaa-aaaaa-qaaaq-cai] [WARN  ethereum_canister] Setup instructions: 589796483
2023-08-18 21:58:44.729990879 UTC: [Canister bkyz2-fmaaa-aaaaa-qaaaq-cai] [WARN  ethereum_canister] Setup balance diff: 121633016799
()
Canister status call result for ethereum_canister.
Status: Running
Controllers: bnz7o-iuaaa-aaaaa-qaaaa-cai k3aal-kmbpv-g4pme-jprzt-bakbj-pxslp-uwg6u-khbky-q7vdl-oicgj-nqe
Memory allocation: 0
Compute allocation: 0
Freezing threshold: 2_592_000
Memory Size: Nat(47310943)
Balance: 2_970_218_120_180 Cycles
Module hash: 0xd965836d90272297592e8062c26e69b0b265369003a161b271eaef3f1daf37f1
2023-08-18 21:58:46.979736604 UTC: [Canister bkyz2-fmaaa-aaaaa-qaaaq-cai] [WARN  ethereum_canister] Get gas price instructions: 5605
2023-08-18 21:58:46.979736604 UTC: [Canister bkyz2-fmaaa-aaaaa-qaaaq-cai] [WARN  ethereum_canister] Get gas price balance diff: 0
(18_603_726_639 : nat)
Canister status call result for ethereum_canister.
Status: Running
Controllers: bnz7o-iuaaa-aaaaa-qaaaa-cai k3aal-kmbpv-g4pme-jprzt-bakbj-pxslp-uwg6u-khbky-q7vdl-oicgj-nqe
Memory allocation: 0
Compute allocation: 0
Freezing threshold: 2_592_000
Memory Size: Nat(47310943)
Balance: 2_970_218_018_950 Cycles
Module hash: 0xd965836d90272297592e8062c26e69b0b265369003a161b271eaef3f1daf37f1
Canister status call result for ethereum_canister.
Status: Running
Controllers: bnz7o-iuaaa-aaaaa-qaaaa-cai k3aal-kmbpv-g4pme-jprzt-bakbj-pxslp-uwg6u-khbky-q7vdl-oicgj-nqe
Memory allocation: 0
Compute allocation: 0
Freezing threshold: 2_592_000
Memory Size: Nat(47310943)
Balance: 2_970_217_917_720 Cycles
Module hash: 0xd965836d90272297592e8062c26e69b0b265369003a161b271eaef3f1daf37f1
2023-08-18 21:58:49.195653948 UTC: [Canister bkyz2-fmaaa-aaaaa-qaaaq-cai] [WARN  ethereum_canister] Get gas price instructions: 5605
2023-08-18 21:58:49.195653948 UTC: [Canister bkyz2-fmaaa-aaaaa-qaaaq-cai] [WARN  ethereum_canister] Get gas price balance diff: 0
(18_603_726_639 : nat)
Canister status call result for ethereum_canister.
Status: Running
Controllers: bnz7o-iuaaa-aaaaa-qaaaa-cai k3aal-kmbpv-g4pme-jprzt-bakbj-pxslp-uwg6u-khbky-q7vdl-oicgj-nqe
Memory allocation: 0
Compute allocation: 0
Freezing threshold: 2_592_000
Memory Size: Nat(47310943)
Balance: 2_970_217_816_490 Cycles
Module hash: 0xd965836d90272297592e8062c26e69b0b265369003a161b271eaef3f1daf37f1
Canister status call result for ethereum_canister.
Status: Running
Controllers: bnz7o-iuaaa-aaaaa-qaaaa-cai k3aal-kmbpv-g4pme-jprzt-bakbj-pxslp-uwg6u-khbky-q7vdl-oicgj-nqe
Memory allocation: 0
Compute allocation: 0
Freezing threshold: 2_592_000
Memory Size: Nat(47310943)
Balance: 2_970_217_715_260 Cycles
Module hash: 0xd965836d90272297592e8062c26e69b0b265369003a161b271eaef3f1daf37f1
2023-08-18 21:58:50.797269695 UTC: [Canister bkyz2-fmaaa-aaaaa-qaaaq-cai] [WARN  ethereum_canister] Get gas price instructions: 5605
2023-08-18 21:58:50.797269695 UTC: [Canister bkyz2-fmaaa-aaaaa-qaaaq-cai] [WARN  ethereum_canister] Get gas price balance diff: 0
(18_603_726_639 : nat)
Canister status call result for ethereum_canister.
Status: Running
Controllers: bnz7o-iuaaa-aaaaa-qaaaa-cai k3aal-kmbpv-g4pme-jprzt-bakbj-pxslp-uwg6u-khbky-q7vdl-oicgj-nqe
Memory allocation: 0
Compute allocation: 0
Freezing threshold: 2_592_000
Memory Size: Nat(47310943)
Balance: 2_970_217_614_030 Cycles
Module hash: 0xd965836d90272297592e8062c26e69b0b265369003a161b271eaef3f1daf37f1
Canister status call result for ethereum_canister.
Status: Running
Controllers: bnz7o-iuaaa-aaaaa-qaaaa-cai k3aal-kmbpv-g4pme-jprzt-bakbj-pxslp-uwg6u-khbky-q7vdl-oicgj-nqe
Memory allocation: 0
Compute allocation: 0
Freezing threshold: 2_592_000
Memory Size: Nat(47310943)
Balance: 2_970_217_512_800 Cycles
Module hash: 0xd965836d90272297592e8062c26e69b0b265369003a161b271eaef3f1daf37f1
2023-08-18 21:58:53.488449009 UTC: [Canister bkyz2-fmaaa-aaaaa-qaaaq-cai] [WARN  ethereum_canister] Get gas price instructions: 5605
2023-08-18 21:58:53.488449009 UTC: [Canister bkyz2-fmaaa-aaaaa-qaaaq-cai] [WARN  ethereum_canister] Get gas price balance diff: 0
(18_603_726_639 : nat)
Canister status call result for ethereum_canister.
Status: Running
Controllers: bnz7o-iuaaa-aaaaa-qaaaa-cai k3aal-kmbpv-g4pme-jprzt-bakbj-pxslp-uwg6u-khbky-q7vdl-oicgj-nqe
Memory allocation: 0
Compute allocation: 0
Freezing threshold: 2_592_000
Memory Size: Nat(47310943)
Balance: 2_970_217_407_266 Cycles
Module hash: 0xd965836d90272297592e8062c26e69b0b265369003a161b271eaef3f1daf37f1
Canister status call result for ethereum_canister.
Status: Running
Controllers: bnz7o-iuaaa-aaaaa-qaaaa-cai k3aal-kmbpv-g4pme-jprzt-bakbj-pxslp-uwg6u-khbky-q7vdl-oicgj-nqe
Memory allocation: 0
Compute allocation: 0
Freezing threshold: 2_592_000
Memory Size: Nat(47310943)
Balance: 2_970_217_306_036 Cycles
Module hash: 0xd965836d90272297592e8062c26e69b0b265369003a161b271eaef3f1daf37f1
2023-08-18 21:58:55.777802640 UTC: [Canister bkyz2-fmaaa-aaaaa-qaaaq-cai] [WARN  ethereum_canister] Get gas price instructions: 5605
2023-08-18 21:58:55.777802640 UTC: [Canister bkyz2-fmaaa-aaaaa-qaaaq-cai] [WARN  ethereum_canister] Get gas price balance diff: 0
(18_603_726_639 : nat)
Canister status call result for ethereum_canister.
Status: Running
Controllers: bnz7o-iuaaa-aaaaa-qaaaa-cai k3aal-kmbpv-g4pme-jprzt-bakbj-pxslp-uwg6u-khbky-q7vdl-oicgj-nqe
Memory allocation: 0
Compute allocation: 0
Freezing threshold: 2_592_000
Memory Size: Nat(47310943)
Balance: 2_970_217_204_806 Cycles
Module hash: 0xd965836d90272297592e8062c26e69b0b265369003a161b271eaef3f1daf37f1
Using the default definition for the 'local' shared network because /home/zwolin/.config/dfx/networks.json does not exist.
Stopping canister http adapter...
Stopped.
Stopping the replica...
Stopped.
Stopping icx-proxy...
Stopped.
